<?xml version="1.0" encoding="UTF-8"?>
<!-- Generated by org.testng.reporters.JUnitReportReporter -->
<testsuite hostname="higorcarol" name="carrinhoDeCompra.CarrinhoDeCompraTeste" tests="1001" failures="0" timestamp="9 Apr 2016 18:55:58 GMT" time="1.559" errors="0">
  <testcase name="deve_poder_adicionar_itens_ao_carrinho" time="0.001" classname="carrinhoDeCompra.CarrinhoDeCompraTeste"/>
  <testcase name="deve_poder_adicionar_itens_ao_carrinho" time="0.001" classname="carrinhoDeCompra.CarrinhoDeCompraTeste"/>
  <testcase name="deve_poder_adicionar_itens_ao_carrinho" time="0.002" classname="carrinhoDeCompra.CarrinhoDeCompraTeste"/>
  <testcase name="deve_poder_adicionar_itens_ao_carrinho" time="0.001" classname="carrinhoDeCompra.CarrinhoDeCompraTeste"/>
  <testcase name="deve_poder_adicionar_itens_ao_carrinho" time="0.002" classname="carrinhoDeCompra.CarrinhoDeCompraTeste"/>
  <testcase name="deve_poder_adicionar_itens_ao_carrinho" time="0.002" classname="carrinhoDeCompra.CarrinhoDeCompraTeste"/>
  <testcase name="deve_poder_adicionar_itens_ao_carrinho" time="0.000" classname="carrinhoDeCompra.CarrinhoDeCompraTeste"/>
  <testcase name="deve_poder_adicionar_itens_ao_carrinho" time="0.027" classname="carrinhoDeCompra.CarrinhoDeCompraTeste"/>
  <testcase name="deve_poder_adicionar_itens_ao_carrinho" time="0.002" classname="carrinhoDeCompra.CarrinhoDeCompraTeste"/>
  <testcase name="deve_poder_adicionar_itens_ao_carrinho" time="0.003" classname="carrinhoDeCompra.CarrinhoDeCompraTeste"/>
  <testcase name="deve_poder_adicionar_itens_ao_carrinho" time="0.001" classname="carrinhoDeCompra.CarrinhoDeCompraTeste"/>
  <testcase name="deve_poder_adicionar_itens_ao_carrinho" time="0.001" classname="carrinhoDeCompra.CarrinhoDeCompraTeste"/>
  <testcase name="deve_poder_adicionar_itens_ao_carrinho" time="0.000" classname="carrinhoDeCompra.CarrinhoDeCompraTeste"/>
  <testcase name="deve_poder_adicionar_itens_ao_carrinho" time="0.000" classname="carrinhoDeCompra.CarrinhoDeCompraTeste"/>
  <testcase name="deve_poder_adicionar_itens_ao_carrinho" time="0.000" classname="carrinhoDeCompra.CarrinhoDeCompraTeste"/>
  <testcase name="deve_poder_adicionar_itens_ao_carrinho" time="0.000" classname="carrinhoDeCompra.CarrinhoDeCompraTeste"/>
  <testcase name="deve_poder_adicionar_itens_ao_carrinho" time="0.001" classname="carrinhoDeCompra.CarrinhoDeCompraTeste"/>
  <testcase name="deve_poder_adicionar_itens_ao_carrinho" time="0.001" classname="carrinhoDeCompra.CarrinhoDeCompraTeste"/>
  <testcase name="deve_poder_adicionar_itens_ao_carrinho" time="0.001" classname="carrinhoDeCompra.CarrinhoDeCompraTeste"/>
  <testcase name="deve_poder_adicionar_itens_ao_carrinho" time="0.000" classname="carrinhoDeCompra.CarrinhoDeCompraTeste"/>
  <testcase name="deve_poder_adicionar_itens_ao_carrinho" time="0.002" classname="carrinhoDeCompra.CarrinhoDeCompraTeste"/>
  <testcase name="deve_poder_adicionar_itens_ao_carrinho" time="0.000" classname="carrinhoDeCompra.CarrinhoDeCompraTeste"/>
  <testcase name="deve_poder_adicionar_itens_ao_carrinho" time="0.000" classname="carrinhoDeCompra.CarrinhoDeCompraTeste"/>
  <testcase name="deve_poder_adicionar_itens_ao_carrinho" time="0.052" classname="carrinhoDeCompra.CarrinhoDeCompraTeste"/>
  <testcase name="deve_poder_adicionar_itens_ao_carrinho" time="0.000" classname="carrinhoDeCompra.CarrinhoDeCompraTeste"/>
  <testcase name="deve_poder_adicionar_itens_ao_carrinho" time="0.001" classname="carrinhoDeCompra.CarrinhoDeCompraTeste"/>
  <testcase name="deve_poder_adicionar_itens_ao_carrinho" time="0.001" classname="carrinhoDeCompra.CarrinhoDeCompraTeste"/>
  <testcase name="deve_poder_adicionar_itens_ao_carrinho" time="0.000" classname="carrinhoDeCompra.CarrinhoDeCompraTeste"/>
  <testcase name="deve_poder_adicionar_itens_ao_carrinho" time="0.001" classname="carrinhoDeCompra.CarrinhoDeCompraTeste"/>
  <testcase name="deve_poder_adicionar_itens_ao_carrinho" time="0.001" classname="carrinhoDeCompra.CarrinhoDeCompraTeste"/>
  <testcase name="deve_poder_adicionar_itens_ao_carrinho" time="0.001" classname="carrinhoDeCompra.CarrinhoDeCompraTeste"/>
  <testcase name="deve_poder_adicionar_itens_ao_carrinho" time="0.001" classname="carrinhoDeCompra.CarrinhoDeCompraTeste"/>
  <testcase name="deve_poder_adicionar_itens_ao_carrinho" time="0.000" classname="carrinhoDeCompra.CarrinhoDeCompraTeste"/>
  <testcase name="deve_poder_adicionar_itens_ao_carrinho" time="0.001" classname="carrinhoDeCompra.CarrinhoDeCompraTeste"/>
  <testcase name="deve_poder_adicionar_itens_ao_carrinho" time="0.001" classname="carrinhoDeCompra.CarrinhoDeCompraTeste"/>
  <testcase name="deve_poder_adicionar_itens_ao_carrinho" time="0.000" classname="carrinhoDeCompra.CarrinhoDeCompraTeste"/>
  <testcase name="deve_poder_adicionar_itens_ao_carrinho" time="0.000" classname="carrinhoDeCompra.CarrinhoDeCompraTeste"/>
  <testcase name="deve_poder_adicionar_itens_ao_carrinho" time="0.009" classname="carrinhoDeCompra.CarrinhoDeCompraTeste"/>
  <testcase name="deve_poder_adicionar_itens_ao_carrinho" time="0.000" classname="carrinhoDeCompra.CarrinhoDeCompraTeste"/>
  <testcase name="deve_poder_adicionar_itens_ao_carrinho" time="0.001" classname="carrinhoDeCompra.CarrinhoDeCompraTeste"/>
  <testcase name="deve_poder_adicionar_itens_ao_carrinho" time="0.000" classname="carrinhoDeCompra.CarrinhoDeCompraTeste"/>
  <testcase name="deve_poder_adicionar_itens_ao_carrinho" time="0.001" classname="carrinhoDeCompra.CarrinhoDeCompraTeste"/>
  <testcase name="deve_poder_adicionar_itens_ao_carrinho" time="0.001" classname="carrinhoDeCompra.CarrinhoDeCompraTeste"/>
  <testcase name="deve_poder_adicionar_itens_ao_carrinho" time="0.001" classname="carrinhoDeCompra.CarrinhoDeCompraTeste"/>
  <testcase name="deve_poder_adicionar_itens_ao_carrinho" time="0.001" classname="carrinhoDeCompra.CarrinhoDeCompraTeste"/>
  <testcase name="deve_poder_adicionar_itens_ao_carrinho" time="0.003" classname="carrinhoDeCompra.CarrinhoDeCompraTeste"/>
  <testcase name="deve_poder_adicionar_itens_ao_carrinho" time="0.000" classname="carrinhoDeCompra.CarrinhoDeCompraTeste"/>
  <testcase name="deve_poder_adicionar_itens_ao_carrinho" time="0.001" classname="carrinhoDeCompra.CarrinhoDeCompraTeste"/>
  <testcase name="deve_poder_adicionar_itens_ao_carrinho" time="0.001" classname="carrinhoDeCompra.CarrinhoDeCompraTeste"/>
  <testcase name="deve_poder_adicionar_itens_ao_carrinho" time="0.000" classname="carrinhoDeCompra.CarrinhoDeCompraTeste"/>
  <testcase name="deve_poder_adicionar_itens_ao_carrinho" time="0.000" classname="carrinhoDeCompra.CarrinhoDeCompraTeste"/>
  <testcase name="deve_poder_adicionar_itens_ao_carrinho" time="0.000" classname="carrinhoDeCompra.CarrinhoDeCompraTeste"/>
  <testcase name="deve_poder_adicionar_itens_ao_carrinho" time="0.005" classname="carrinhoDeCompra.CarrinhoDeCompraTeste"/>
  <testcase name="deve_poder_adicionar_itens_ao_carrinho" time="0.000" classname="carrinhoDeCompra.CarrinhoDeCompraTeste"/>
  <testcase name="deve_poder_adicionar_itens_ao_carrinho" time="0.000" classname="carrinhoDeCompra.CarrinhoDeCompraTeste"/>
  <testcase name="deve_poder_adicionar_itens_ao_carrinho" time="0.001" classname="carrinhoDeCompra.CarrinhoDeCompraTeste"/>
  <testcase name="deve_poder_adicionar_itens_ao_carrinho" time="0.014" classname="carrinhoDeCompra.CarrinhoDeCompraTeste"/>
  <testcase name="deve_poder_adicionar_itens_ao_carrinho" time="0.001" classname="carrinhoDeCompra.CarrinhoDeCompraTeste"/>
  <testcase name="deve_poder_adicionar_itens_ao_carrinho" time="0.000" classname="carrinhoDeCompra.CarrinhoDeCompraTeste"/>
  <testcase name="deve_poder_adicionar_itens_ao_carrinho" time="0.000" classname="carrinhoDeCompra.CarrinhoDeCompraTeste"/>
  <testcase name="deve_poder_adicionar_itens_ao_carrinho" time="0.000" classname="carrinhoDeCompra.CarrinhoDeCompraTeste"/>
  <testcase name="deve_poder_adicionar_itens_ao_carrinho" time="0.000" classname="carrinhoDeCompra.CarrinhoDeCompraTeste"/>
  <testcase name="deve_poder_adicionar_itens_ao_carrinho" time="0.000" classname="carrinhoDeCompra.CarrinhoDeCompraTeste"/>
  <testcase name="deve_poder_adicionar_itens_ao_carrinho" time="0.001" classname="carrinhoDeCompra.CarrinhoDeCompraTeste"/>
  <testcase name="deve_poder_adicionar_itens_ao_carrinho" time="0.000" classname="carrinhoDeCompra.CarrinhoDeCompraTeste"/>
  <testcase name="deve_poder_adicionar_itens_ao_carrinho" time="0.000" classname="carrinhoDeCompra.CarrinhoDeCompraTeste"/>
  <testcase name="deve_poder_adicionar_itens_ao_carrinho" time="0.000" classname="carrinhoDeCompra.CarrinhoDeCompraTeste"/>
  <testcase name="deve_poder_adicionar_itens_ao_carrinho" time="0.001" classname="carrinhoDeCompra.CarrinhoDeCompraTeste"/>
  <testcase name="deve_poder_adicionar_itens_ao_carrinho" time="0.000" classname="carrinhoDeCompra.CarrinhoDeCompraTeste"/>
  <testcase name="deve_poder_adicionar_itens_ao_carrinho" time="0.001" classname="carrinhoDeCompra.CarrinhoDeCompraTeste"/>
  <testcase name="deve_poder_adicionar_itens_ao_carrinho" time="0.001" classname="carrinhoDeCompra.CarrinhoDeCompraTeste"/>
  <testcase name="deve_poder_adicionar_itens_ao_carrinho" time="0.001" classname="carrinhoDeCompra.CarrinhoDeCompraTeste"/>
  <testcase name="deve_poder_adicionar_itens_ao_carrinho" time="0.000" classname="carrinhoDeCompra.CarrinhoDeCompraTeste"/>
  <testcase name="deve_poder_adicionar_itens_ao_carrinho" time="0.001" classname="carrinhoDeCompra.CarrinhoDeCompraTeste"/>
  <testcase name="deve_poder_adicionar_itens_ao_carrinho" time="0.001" classname="carrinhoDeCompra.CarrinhoDeCompraTeste"/>
  <testcase name="deve_poder_adicionar_itens_ao_carrinho" time="0.000" classname="carrinhoDeCompra.CarrinhoDeCompraTeste"/>
  <testcase name="deve_poder_adicionar_itens_ao_carrinho" time="0.000" classname="carrinhoDeCompra.CarrinhoDeCompraTeste"/>
  <testcase name="deve_poder_adicionar_itens_ao_carrinho" time="0.000" classname="carrinhoDeCompra.CarrinhoDeCompraTeste"/>
  <testcase name="deve_poder_adicionar_itens_ao_carrinho" time="0.001" classname="carrinhoDeCompra.CarrinhoDeCompraTeste"/>
  <testcase name="deve_poder_adicionar_itens_ao_carrinho" time="0.001" classname="carrinhoDeCompra.CarrinhoDeCompraTeste"/>
  <testcase name="deve_poder_adicionar_itens_ao_carrinho" time="0.000" classname="carrinhoDeCompra.CarrinhoDeCompraTeste"/>
  <testcase name="deve_poder_adicionar_itens_ao_carrinho" time="0.000" classname="carrinhoDeCompra.CarrinhoDeCompraTeste"/>
  <testcase name="deve_poder_adicionar_itens_ao_carrinho" time="0.001" classname="carrinhoDeCompra.CarrinhoDeCompraTeste"/>
  <testcase name="deve_poder_adicionar_itens_ao_carrinho" time="0.000" classname="carrinhoDeCompra.CarrinhoDeCompraTeste"/>
  <testcase name="deve_poder_adicionar_itens_ao_carrinho" time="0.000" classname="carrinhoDeCompra.CarrinhoDeCompraTeste"/>
  <testcase name="deve_poder_adicionar_itens_ao_carrinho" time="0.001" classname="carrinhoDeCompra.CarrinhoDeCompraTeste"/>
  <testcase name="deve_poder_adicionar_itens_ao_carrinho" time="0.001" classname="carrinhoDeCompra.CarrinhoDeCompraTeste"/>
  <testcase name="deve_poder_adicionar_itens_ao_carrinho" time="0.001" classname="carrinhoDeCompra.CarrinhoDeCompraTeste"/>
  <testcase name="deve_poder_adicionar_itens_ao_carrinho" time="0.001" classname="carrinhoDeCompra.CarrinhoDeCompraTeste"/>
  <testcase name="deve_poder_adicionar_itens_ao_carrinho" time="0.000" classname="carrinhoDeCompra.CarrinhoDeCompraTeste"/>
  <testcase name="deve_poder_adicionar_itens_ao_carrinho" time="0.000" classname="carrinhoDeCompra.CarrinhoDeCompraTeste"/>
  <testcase name="deve_poder_adicionar_itens_ao_carrinho" time="0.001" classname="carrinhoDeCompra.CarrinhoDeCompraTeste"/>
  <testcase name="deve_poder_adicionar_itens_ao_carrinho" time="0.001" classname="carrinhoDeCompra.CarrinhoDeCompraTeste"/>
  <testcase name="deve_poder_adicionar_itens_ao_carrinho" time="0.000" classname="carrinhoDeCompra.CarrinhoDeCompraTeste"/>
  <testcase name="deve_poder_adicionar_itens_ao_carrinho" time="0.001" classname="carrinhoDeCompra.CarrinhoDeCompraTeste"/>
  <testcase name="deve_poder_adicionar_itens_ao_carrinho" time="0.001" classname="carrinhoDeCompra.CarrinhoDeCompraTeste"/>
  <testcase name="deve_poder_adicionar_itens_ao_carrinho" time="0.000" classname="carrinhoDeCompra.CarrinhoDeCompraTeste"/>
  <testcase name="deve_poder_adicionar_itens_ao_carrinho" time="0.000" classname="carrinhoDeCompra.CarrinhoDeCompraTeste"/>
  <testcase name="deve_poder_adicionar_itens_ao_carrinho" time="0.001" classname="carrinhoDeCompra.CarrinhoDeCompraTeste"/>
  <testcase name="deve_poder_adicionar_itens_ao_carrinho" time="0.001" classname="carrinhoDeCompra.CarrinhoDeCompraTeste"/>
  <testcase name="deve_poder_adicionar_itens_ao_carrinho" time="0.002" classname="carrinhoDeCompra.CarrinhoDeCompraTeste"/>
  <testcase name="deve_poder_adicionar_itens_ao_carrinho" time="0.000" classname="carrinhoDeCompra.CarrinhoDeCompraTeste"/>
  <testcase name="deve_poder_adicionar_itens_ao_carrinho" time="0.001" classname="carrinhoDeCompra.CarrinhoDeCompraTeste"/>
  <testcase name="deve_poder_adicionar_itens_ao_carrinho" time="0.000" classname="carrinhoDeCompra.CarrinhoDeCompraTeste"/>
  <testcase name="deve_poder_adicionar_itens_ao_carrinho" time="0.000" classname="carrinhoDeCompra.CarrinhoDeCompraTeste"/>
  <testcase name="deve_poder_adicionar_itens_ao_carrinho" time="0.000" classname="carrinhoDeCompra.CarrinhoDeCompraTeste"/>
  <testcase name="deve_poder_adicionar_itens_ao_carrinho" time="0.004" classname="carrinhoDeCompra.CarrinhoDeCompraTeste"/>
  <testcase name="deve_poder_adicionar_itens_ao_carrinho" time="0.000" classname="carrinhoDeCompra.CarrinhoDeCompraTeste"/>
  <testcase name="deve_poder_adicionar_itens_ao_carrinho" time="0.001" classname="carrinhoDeCompra.CarrinhoDeCompraTeste"/>
  <testcase name="deve_poder_adicionar_itens_ao_carrinho" time="0.001" classname="carrinhoDeCompra.CarrinhoDeCompraTeste"/>
  <testcase name="deve_poder_adicionar_itens_ao_carrinho" time="0.000" classname="carrinhoDeCompra.CarrinhoDeCompraTeste"/>
  <testcase name="deve_poder_adicionar_itens_ao_carrinho" time="0.000" classname="carrinhoDeCompra.CarrinhoDeCompraTeste"/>
  <testcase name="deve_poder_adicionar_itens_ao_carrinho" time="0.003" classname="carrinhoDeCompra.CarrinhoDeCompraTeste"/>
  <testcase name="deve_poder_adicionar_itens_ao_carrinho" time="0.000" classname="carrinhoDeCompra.CarrinhoDeCompraTeste"/>
  <testcase name="deve_poder_adicionar_itens_ao_carrinho" time="0.000" classname="carrinhoDeCompra.CarrinhoDeCompraTeste"/>
  <testcase name="deve_poder_adicionar_itens_ao_carrinho" time="0.000" classname="carrinhoDeCompra.CarrinhoDeCompraTeste"/>
  <testcase name="deve_poder_adicionar_itens_ao_carrinho" time="0.000" classname="carrinhoDeCompra.CarrinhoDeCompraTeste"/>
  <testcase name="deve_poder_adicionar_itens_ao_carrinho" time="0.001" classname="carrinhoDeCompra.CarrinhoDeCompraTeste"/>
  <testcase name="deve_poder_adicionar_itens_ao_carrinho" time="0.002" classname="carrinhoDeCompra.CarrinhoDeCompraTeste"/>
  <testcase name="deve_poder_adicionar_itens_ao_carrinho" time="0.000" classname="carrinhoDeCompra.CarrinhoDeCompraTeste"/>
  <testcase name="deve_poder_adicionar_itens_ao_carrinho" time="0.001" classname="carrinhoDeCompra.CarrinhoDeCompraTeste"/>
  <testcase name="deve_poder_adicionar_itens_ao_carrinho" time="0.001" classname="carrinhoDeCompra.CarrinhoDeCompraTeste"/>
  <testcase name="deve_poder_adicionar_itens_ao_carrinho" time="0.001" classname="carrinhoDeCompra.CarrinhoDeCompraTeste"/>
  <testcase name="deve_poder_adicionar_itens_ao_carrinho" time="0.001" classname="carrinhoDeCompra.CarrinhoDeCompraTeste"/>
  <testcase name="deve_poder_adicionar_itens_ao_carrinho" time="0.001" classname="carrinhoDeCompra.CarrinhoDeCompraTeste"/>
  <testcase name="deve_poder_adicionar_itens_ao_carrinho" time="0.001" classname="carrinhoDeCompra.CarrinhoDeCompraTeste"/>
  <testcase name="deve_poder_adicionar_itens_ao_carrinho" time="0.001" classname="carrinhoDeCompra.CarrinhoDeCompraTeste"/>
  <testcase name="deve_poder_adicionar_itens_ao_carrinho" time="0.000" classname="carrinhoDeCompra.CarrinhoDeCompraTeste"/>
  <testcase name="deve_poder_adicionar_itens_ao_carrinho" time="0.002" classname="carrinhoDeCompra.CarrinhoDeCompraTeste"/>
  <testcase name="deve_poder_adicionar_itens_ao_carrinho" time="0.001" classname="carrinhoDeCompra.CarrinhoDeCompraTeste"/>
  <testcase name="deve_poder_adicionar_itens_ao_carrinho" time="0.002" classname="carrinhoDeCompra.CarrinhoDeCompraTeste"/>
  <testcase name="deve_poder_adicionar_itens_ao_carrinho" time="0.000" classname="carrinhoDeCompra.CarrinhoDeCompraTeste"/>
  <testcase name="deve_poder_adicionar_itens_ao_carrinho" time="0.001" classname="carrinhoDeCompra.CarrinhoDeCompraTeste"/>
  <testcase name="deve_poder_adicionar_itens_ao_carrinho" time="0.001" classname="carrinhoDeCompra.CarrinhoDeCompraTeste"/>
  <testcase name="deve_poder_adicionar_itens_ao_carrinho" time="0.002" classname="carrinhoDeCompra.CarrinhoDeCompraTeste"/>
  <testcase name="deve_poder_adicionar_itens_ao_carrinho" time="0.000" classname="carrinhoDeCompra.CarrinhoDeCompraTeste"/>
  <testcase name="deve_poder_adicionar_itens_ao_carrinho" time="0.000" classname="carrinhoDeCompra.CarrinhoDeCompraTeste"/>
  <testcase name="deve_poder_adicionar_itens_ao_carrinho" time="0.001" classname="carrinhoDeCompra.CarrinhoDeCompraTeste"/>
  <testcase name="deve_poder_adicionar_itens_ao_carrinho" time="0.000" classname="carrinhoDeCompra.CarrinhoDeCompraTeste"/>
  <testcase name="deve_poder_adicionar_itens_ao_carrinho" time="0.000" classname="carrinhoDeCompra.CarrinhoDeCompraTeste"/>
  <testcase name="deve_poder_adicionar_itens_ao_carrinho" time="0.000" classname="carrinhoDeCompra.CarrinhoDeCompraTeste"/>
  <testcase name="deve_poder_adicionar_itens_ao_carrinho" time="0.000" classname="carrinhoDeCompra.CarrinhoDeCompraTeste"/>
  <testcase name="deve_poder_adicionar_itens_ao_carrinho" time="0.000" classname="carrinhoDeCompra.CarrinhoDeCompraTeste"/>
  <testcase name="deve_poder_adicionar_itens_ao_carrinho" time="0.000" classname="carrinhoDeCompra.CarrinhoDeCompraTeste"/>
  <testcase name="deve_poder_adicionar_itens_ao_carrinho" time="0.000" classname="carrinhoDeCompra.CarrinhoDeCompraTeste"/>
  <testcase name="deve_poder_adicionar_itens_ao_carrinho" time="0.001" classname="carrinhoDeCompra.CarrinhoDeCompraTeste"/>
  <testcase name="deve_poder_adicionar_itens_ao_carrinho" time="0.001" classname="carrinhoDeCompra.CarrinhoDeCompraTeste"/>
  <testcase name="deve_poder_adicionar_itens_ao_carrinho" time="0.000" classname="carrinhoDeCompra.CarrinhoDeCompraTeste"/>
  <testcase name="deve_poder_adicionar_itens_ao_carrinho" time="0.001" classname="carrinhoDeCompra.CarrinhoDeCompraTeste"/>
  <testcase name="deve_poder_adicionar_itens_ao_carrinho" time="0.000" classname="carrinhoDeCompra.CarrinhoDeCompraTeste"/>
  <testcase name="deve_poder_adicionar_itens_ao_carrinho" time="0.000" classname="carrinhoDeCompra.CarrinhoDeCompraTeste"/>
  <testcase name="deve_poder_adicionar_itens_ao_carrinho" time="0.001" classname="carrinhoDeCompra.CarrinhoDeCompraTeste"/>
  <testcase name="deve_poder_adicionar_itens_ao_carrinho" time="0.001" classname="carrinhoDeCompra.CarrinhoDeCompraTeste"/>
  <testcase name="deve_poder_adicionar_itens_ao_carrinho" time="0.000" classname="carrinhoDeCompra.CarrinhoDeCompraTeste"/>
  <testcase name="deve_poder_adicionar_itens_ao_carrinho" time="0.000" classname="carrinhoDeCompra.CarrinhoDeCompraTeste"/>
  <testcase name="deve_poder_adicionar_itens_ao_carrinho" time="0.001" classname="carrinhoDeCompra.CarrinhoDeCompraTeste"/>
  <testcase name="deve_poder_adicionar_itens_ao_carrinho" time="0.000" classname="carrinhoDeCompra.CarrinhoDeCompraTeste"/>
  <testcase name="deve_poder_adicionar_itens_ao_carrinho" time="0.001" classname="carrinhoDeCompra.CarrinhoDeCompraTeste"/>
  <testcase name="deve_poder_adicionar_itens_ao_carrinho" time="0.001" classname="carrinhoDeCompra.CarrinhoDeCompraTeste"/>
  <testcase name="deve_poder_adicionar_itens_ao_carrinho" time="0.001" classname="carrinhoDeCompra.CarrinhoDeCompraTeste"/>
  <testcase name="deve_poder_adicionar_itens_ao_carrinho" time="0.014" classname="carrinhoDeCompra.CarrinhoDeCompraTeste"/>
  <testcase name="deve_poder_adicionar_itens_ao_carrinho" time="0.001" classname="carrinhoDeCompra.CarrinhoDeCompraTeste"/>
  <testcase name="deve_poder_adicionar_itens_ao_carrinho" time="0.001" classname="carrinhoDeCompra.CarrinhoDeCompraTeste"/>
  <testcase name="deve_poder_adicionar_itens_ao_carrinho" time="0.000" classname="carrinhoDeCompra.CarrinhoDeCompraTeste"/>
  <testcase name="deve_poder_adicionar_itens_ao_carrinho" time="0.000" classname="carrinhoDeCompra.CarrinhoDeCompraTeste"/>
  <testcase name="deve_poder_adicionar_itens_ao_carrinho" time="0.000" classname="carrinhoDeCompra.CarrinhoDeCompraTeste"/>
  <testcase name="deve_poder_adicionar_itens_ao_carrinho" time="0.000" classname="carrinhoDeCompra.CarrinhoDeCompraTeste"/>
  <testcase name="deve_poder_adicionar_itens_ao_carrinho" time="0.000" classname="carrinhoDeCompra.CarrinhoDeCompraTeste"/>
  <testcase name="deve_poder_adicionar_itens_ao_carrinho" time="0.001" classname="carrinhoDeCompra.CarrinhoDeCompraTeste"/>
  <testcase name="deve_poder_adicionar_itens_ao_carrinho" time="0.000" classname="carrinhoDeCompra.CarrinhoDeCompraTeste"/>
  <testcase name="deve_poder_adicionar_itens_ao_carrinho" time="0.002" classname="carrinhoDeCompra.CarrinhoDeCompraTeste"/>
  <testcase name="deve_poder_adicionar_itens_ao_carrinho" time="0.020" classname="carrinhoDeCompra.CarrinhoDeCompraTeste"/>
  <testcase name="deve_poder_adicionar_itens_ao_carrinho" time="0.000" classname="carrinhoDeCompra.CarrinhoDeCompraTeste"/>
  <testcase name="deve_poder_adicionar_itens_ao_carrinho" time="0.000" classname="carrinhoDeCompra.CarrinhoDeCompraTeste"/>
  <testcase name="deve_poder_adicionar_itens_ao_carrinho" time="0.001" classname="carrinhoDeCompra.CarrinhoDeCompraTeste"/>
  <testcase name="deve_poder_adicionar_itens_ao_carrinho" time="0.001" classname="carrinhoDeCompra.CarrinhoDeCompraTeste"/>
  <testcase name="deve_poder_adicionar_itens_ao_carrinho" time="0.000" classname="carrinhoDeCompra.CarrinhoDeCompraTeste"/>
  <testcase name="deve_poder_adicionar_itens_ao_carrinho" time="0.001" classname="carrinhoDeCompra.CarrinhoDeCompraTeste"/>
  <testcase name="deve_poder_adicionar_itens_ao_carrinho" time="0.000" classname="carrinhoDeCompra.CarrinhoDeCompraTeste"/>
  <testcase name="deve_poder_adicionar_itens_ao_carrinho" time="0.002" classname="carrinhoDeCompra.CarrinhoDeCompraTeste"/>
  <testcase name="deve_poder_adicionar_itens_ao_carrinho" time="0.008" classname="carrinhoDeCompra.CarrinhoDeCompraTeste"/>
  <testcase name="deve_poder_adicionar_itens_ao_carrinho" time="0.000" classname="carrinhoDeCompra.CarrinhoDeCompraTeste"/>
  <testcase name="deve_poder_adicionar_itens_ao_carrinho" time="0.001" classname="carrinhoDeCompra.CarrinhoDeCompraTeste"/>
  <testcase name="deve_poder_adicionar_itens_ao_carrinho" time="0.000" classname="carrinhoDeCompra.CarrinhoDeCompraTeste"/>
  <testcase name="deve_poder_adicionar_itens_ao_carrinho" time="0.001" classname="carrinhoDeCompra.CarrinhoDeCompraTeste"/>
  <testcase name="deve_poder_adicionar_itens_ao_carrinho" time="0.000" classname="carrinhoDeCompra.CarrinhoDeCompraTeste"/>
  <testcase name="deve_poder_adicionar_itens_ao_carrinho" time="0.000" classname="carrinhoDeCompra.CarrinhoDeCompraTeste"/>
  <testcase name="deve_poder_adicionar_itens_ao_carrinho" time="0.001" classname="carrinhoDeCompra.CarrinhoDeCompraTeste"/>
  <testcase name="deve_poder_adicionar_itens_ao_carrinho" time="0.001" classname="carrinhoDeCompra.CarrinhoDeCompraTeste"/>
  <testcase name="deve_poder_adicionar_itens_ao_carrinho" time="0.001" classname="carrinhoDeCompra.CarrinhoDeCompraTeste"/>
  <testcase name="deve_poder_adicionar_itens_ao_carrinho" time="0.000" classname="carrinhoDeCompra.CarrinhoDeCompraTeste"/>
  <testcase name="deve_poder_adicionar_itens_ao_carrinho" time="0.000" classname="carrinhoDeCompra.CarrinhoDeCompraTeste"/>
  <testcase name="deve_poder_adicionar_itens_ao_carrinho" time="0.000" classname="carrinhoDeCompra.CarrinhoDeCompraTeste"/>
  <testcase name="deve_poder_adicionar_itens_ao_carrinho" time="0.001" classname="carrinhoDeCompra.CarrinhoDeCompraTeste"/>
  <testcase name="deve_poder_adicionar_itens_ao_carrinho" time="0.000" classname="carrinhoDeCompra.CarrinhoDeCompraTeste"/>
  <testcase name="deve_poder_adicionar_itens_ao_carrinho" time="0.000" classname="carrinhoDeCompra.CarrinhoDeCompraTeste"/>
  <testcase name="deve_poder_adicionar_itens_ao_carrinho" time="0.001" classname="carrinhoDeCompra.CarrinhoDeCompraTeste"/>
  <testcase name="deve_poder_adicionar_itens_ao_carrinho" time="0.000" classname="carrinhoDeCompra.CarrinhoDeCompraTeste"/>
  <testcase name="deve_poder_adicionar_itens_ao_carrinho" time="0.001" classname="carrinhoDeCompra.CarrinhoDeCompraTeste"/>
  <testcase name="deve_poder_adicionar_itens_ao_carrinho" time="0.000" classname="carrinhoDeCompra.CarrinhoDeCompraTeste"/>
  <testcase name="deve_poder_adicionar_itens_ao_carrinho" time="0.000" classname="carrinhoDeCompra.CarrinhoDeCompraTeste"/>
  <testcase name="deve_poder_adicionar_itens_ao_carrinho" time="0.001" classname="carrinhoDeCompra.CarrinhoDeCompraTeste"/>
  <testcase name="deve_poder_adicionar_itens_ao_carrinho" time="0.000" classname="carrinhoDeCompra.CarrinhoDeCompraTeste"/>
  <testcase name="deve_poder_adicionar_itens_ao_carrinho" time="0.000" classname="carrinhoDeCompra.CarrinhoDeCompraTeste"/>
  <testcase name="deve_poder_adicionar_itens_ao_carrinho" time="0.000" classname="carrinhoDeCompra.CarrinhoDeCompraTeste"/>
  <testcase name="deve_poder_adicionar_itens_ao_carrinho" time="0.000" classname="carrinhoDeCompra.CarrinhoDeCompraTeste"/>
  <testcase name="deve_poder_adicionar_itens_ao_carrinho" time="0.003" classname="carrinhoDeCompra.CarrinhoDeCompraTeste"/>
  <testcase name="deve_poder_adicionar_itens_ao_carrinho" time="0.000" classname="carrinhoDeCompra.CarrinhoDeCompraTeste"/>
  <testcase name="deve_poder_adicionar_itens_ao_carrinho" time="0.001" classname="carrinhoDeCompra.CarrinhoDeCompraTeste"/>
  <testcase name="deve_poder_adicionar_itens_ao_carrinho" time="0.000" classname="carrinhoDeCompra.CarrinhoDeCompraTeste"/>
  <testcase name="deve_poder_adicionar_itens_ao_carrinho" time="0.001" classname="carrinhoDeCompra.CarrinhoDeCompraTeste"/>
  <testcase name="deve_poder_adicionar_itens_ao_carrinho" time="0.000" classname="carrinhoDeCompra.CarrinhoDeCompraTeste"/>
  <testcase name="deve_poder_adicionar_itens_ao_carrinho" time="0.001" classname="carrinhoDeCompra.CarrinhoDeCompraTeste"/>
  <testcase name="deve_poder_adicionar_itens_ao_carrinho" time="0.000" classname="carrinhoDeCompra.CarrinhoDeCompraTeste"/>
  <testcase name="deve_poder_adicionar_itens_ao_carrinho" time="0.001" classname="carrinhoDeCompra.CarrinhoDeCompraTeste"/>
  <testcase name="deve_poder_adicionar_itens_ao_carrinho" time="0.001" classname="carrinhoDeCompra.CarrinhoDeCompraTeste"/>
  <testcase name="deve_poder_adicionar_itens_ao_carrinho" time="0.001" classname="carrinhoDeCompra.CarrinhoDeCompraTeste"/>
  <testcase name="deve_poder_adicionar_itens_ao_carrinho" time="0.000" classname="carrinhoDeCompra.CarrinhoDeCompraTeste"/>
  <testcase name="deve_poder_adicionar_itens_ao_carrinho" time="0.000" classname="carrinhoDeCompra.CarrinhoDeCompraTeste"/>
  <testcase name="deve_poder_adicionar_itens_ao_carrinho" time="0.000" classname="carrinhoDeCompra.CarrinhoDeCompraTeste"/>
  <testcase name="deve_poder_adicionar_itens_ao_carrinho" time="0.001" classname="carrinhoDeCompra.CarrinhoDeCompraTeste"/>
  <testcase name="deve_poder_adicionar_itens_ao_carrinho" time="0.000" classname="carrinhoDeCompra.CarrinhoDeCompraTeste"/>
  <testcase name="deve_poder_adicionar_itens_ao_carrinho" time="0.000" classname="carrinhoDeCompra.CarrinhoDeCompraTeste"/>
  <testcase name="deve_poder_adicionar_itens_ao_carrinho" time="0.000" classname="carrinhoDeCompra.CarrinhoDeCompraTeste"/>
  <testcase name="deve_poder_adicionar_itens_ao_carrinho" time="0.001" classname="carrinhoDeCompra.CarrinhoDeCompraTeste"/>
  <testcase name="deve_poder_adicionar_itens_ao_carrinho" time="0.001" classname="carrinhoDeCompra.CarrinhoDeCompraTeste"/>
  <testcase name="deve_poder_adicionar_itens_ao_carrinho" time="0.025" classname="carrinhoDeCompra.CarrinhoDeCompraTeste"/>
  <testcase name="deve_poder_adicionar_itens_ao_carrinho" time="0.001" classname="carrinhoDeCompra.CarrinhoDeCompraTeste"/>
  <testcase name="deve_poder_adicionar_itens_ao_carrinho" time="0.040" classname="carrinhoDeCompra.CarrinhoDeCompraTeste"/>
  <testcase name="deve_poder_adicionar_itens_ao_carrinho" time="0.000" classname="carrinhoDeCompra.CarrinhoDeCompraTeste"/>
  <testcase name="deve_poder_adicionar_itens_ao_carrinho" time="0.001" classname="carrinhoDeCompra.CarrinhoDeCompraTeste"/>
  <testcase name="deve_poder_adicionar_itens_ao_carrinho" time="0.000" classname="carrinhoDeCompra.CarrinhoDeCompraTeste"/>
  <testcase name="deve_poder_adicionar_itens_ao_carrinho" time="0.001" classname="carrinhoDeCompra.CarrinhoDeCompraTeste"/>
  <testcase name="deve_poder_adicionar_itens_ao_carrinho" time="0.000" classname="carrinhoDeCompra.CarrinhoDeCompraTeste"/>
  <testcase name="deve_poder_adicionar_itens_ao_carrinho" time="0.002" classname="carrinhoDeCompra.CarrinhoDeCompraTeste"/>
  <testcase name="deve_poder_adicionar_itens_ao_carrinho" time="0.001" classname="carrinhoDeCompra.CarrinhoDeCompraTeste"/>
  <testcase name="deve_poder_adicionar_itens_ao_carrinho" time="0.002" classname="carrinhoDeCompra.CarrinhoDeCompraTeste"/>
  <testcase name="deve_poder_adicionar_itens_ao_carrinho" time="0.000" classname="carrinhoDeCompra.CarrinhoDeCompraTeste"/>
  <testcase name="deve_poder_adicionar_itens_ao_carrinho" time="0.000" classname="carrinhoDeCompra.CarrinhoDeCompraTeste"/>
  <testcase name="deve_poder_adicionar_itens_ao_carrinho" time="0.005" classname="carrinhoDeCompra.CarrinhoDeCompraTeste"/>
  <testcase name="deve_poder_adicionar_itens_ao_carrinho" time="0.006" classname="carrinhoDeCompra.CarrinhoDeCompraTeste"/>
  <testcase name="deve_poder_adicionar_itens_ao_carrinho" time="0.000" classname="carrinhoDeCompra.CarrinhoDeCompraTeste"/>
  <testcase name="deve_poder_adicionar_itens_ao_carrinho" time="0.002" classname="carrinhoDeCompra.CarrinhoDeCompraTeste"/>
  <testcase name="deve_poder_adicionar_itens_ao_carrinho" time="0.001" classname="carrinhoDeCompra.CarrinhoDeCompraTeste"/>
  <testcase name="deve_poder_adicionar_itens_ao_carrinho" time="0.001" classname="carrinhoDeCompra.CarrinhoDeCompraTeste"/>
  <testcase name="deve_poder_adicionar_itens_ao_carrinho" time="0.000" classname="carrinhoDeCompra.CarrinhoDeCompraTeste"/>
  <testcase name="deve_poder_adicionar_itens_ao_carrinho" time="0.000" classname="carrinhoDeCompra.CarrinhoDeCompraTeste"/>
  <testcase name="deve_poder_adicionar_itens_ao_carrinho" time="0.001" classname="carrinhoDeCompra.CarrinhoDeCompraTeste"/>
  <testcase name="deve_poder_adicionar_itens_ao_carrinho" time="0.000" classname="carrinhoDeCompra.CarrinhoDeCompraTeste"/>
  <testcase name="deve_poder_adicionar_itens_ao_carrinho" time="0.001" classname="carrinhoDeCompra.CarrinhoDeCompraTeste"/>
  <testcase name="deve_poder_adicionar_itens_ao_carrinho" time="0.001" classname="carrinhoDeCompra.CarrinhoDeCompraTeste"/>
  <testcase name="deve_poder_adicionar_itens_ao_carrinho" time="0.001" classname="carrinhoDeCompra.CarrinhoDeCompraTeste"/>
  <testcase name="deve_poder_adicionar_itens_ao_carrinho" time="0.000" classname="carrinhoDeCompra.CarrinhoDeCompraTeste"/>
  <testcase name="deve_poder_adicionar_itens_ao_carrinho" time="0.001" classname="carrinhoDeCompra.CarrinhoDeCompraTeste"/>
  <testcase name="deve_poder_adicionar_itens_ao_carrinho" time="0.001" classname="carrinhoDeCompra.CarrinhoDeCompraTeste"/>
  <testcase name="deve_poder_adicionar_itens_ao_carrinho" time="0.000" classname="carrinhoDeCompra.CarrinhoDeCompraTeste"/>
  <testcase name="deve_poder_adicionar_itens_ao_carrinho" time="0.000" classname="carrinhoDeCompra.CarrinhoDeCompraTeste"/>
  <testcase name="deve_poder_adicionar_itens_ao_carrinho" time="0.000" classname="carrinhoDeCompra.CarrinhoDeCompraTeste"/>
  <testcase name="deve_poder_adicionar_itens_ao_carrinho" time="0.001" classname="carrinhoDeCompra.CarrinhoDeCompraTeste"/>
  <testcase name="deve_poder_adicionar_itens_ao_carrinho" time="0.001" classname="carrinhoDeCompra.CarrinhoDeCompraTeste"/>
  <testcase name="deve_poder_adicionar_itens_ao_carrinho" time="0.001" classname="carrinhoDeCompra.CarrinhoDeCompraTeste"/>
  <testcase name="deve_poder_adicionar_itens_ao_carrinho" time="0.001" classname="carrinhoDeCompra.CarrinhoDeCompraTeste"/>
  <testcase name="deve_poder_adicionar_itens_ao_carrinho" time="0.001" classname="carrinhoDeCompra.CarrinhoDeCompraTeste"/>
  <testcase name="deve_poder_adicionar_itens_ao_carrinho" time="0.000" classname="carrinhoDeCompra.CarrinhoDeCompraTeste"/>
  <testcase name="deve_poder_adicionar_itens_ao_carrinho" time="0.001" classname="carrinhoDeCompra.CarrinhoDeCompraTeste"/>
  <testcase name="deve_poder_adicionar_itens_ao_carrinho" time="0.000" classname="carrinhoDeCompra.CarrinhoDeCompraTeste"/>
  <testcase name="deve_poder_adicionar_itens_ao_carrinho" time="0.001" classname="carrinhoDeCompra.CarrinhoDeCompraTeste"/>
  <testcase name="deve_poder_adicionar_itens_ao_carrinho" time="0.000" classname="carrinhoDeCompra.CarrinhoDeCompraTeste"/>
  <testcase name="deve_poder_adicionar_itens_ao_carrinho" time="0.001" classname="carrinhoDeCompra.CarrinhoDeCompraTeste"/>
  <testcase name="deve_poder_adicionar_itens_ao_carrinho" time="0.001" classname="carrinhoDeCompra.CarrinhoDeCompraTeste"/>
  <testcase name="deve_poder_adicionar_itens_ao_carrinho" time="0.000" classname="carrinhoDeCompra.CarrinhoDeCompraTeste"/>
  <testcase name="deve_poder_adicionar_itens_ao_carrinho" time="0.001" classname="carrinhoDeCompra.CarrinhoDeCompraTeste"/>
  <testcase name="deve_poder_adicionar_itens_ao_carrinho" time="0.000" classname="carrinhoDeCompra.CarrinhoDeCompraTeste"/>
  <testcase name="deve_poder_adicionar_itens_ao_carrinho" time="0.000" classname="carrinhoDeCompra.CarrinhoDeCompraTeste"/>
  <testcase name="deve_poder_adicionar_itens_ao_carrinho" time="0.001" classname="carrinhoDeCompra.CarrinhoDeCompraTeste"/>
  <testcase name="deve_poder_adicionar_itens_ao_carrinho" time="0.000" classname="carrinhoDeCompra.CarrinhoDeCompraTeste"/>
  <testcase name="deve_poder_adicionar_itens_ao_carrinho" time="0.001" classname="carrinhoDeCompra.CarrinhoDeCompraTeste"/>
  <testcase name="deve_poder_adicionar_itens_ao_carrinho" time="0.001" classname="carrinhoDeCompra.CarrinhoDeCompraTeste"/>
  <testcase name="deve_poder_adicionar_itens_ao_carrinho" time="0.001" classname="carrinhoDeCompra.CarrinhoDeCompraTeste"/>
  <testcase name="deve_poder_adicionar_itens_ao_carrinho" time="0.000" classname="carrinhoDeCompra.CarrinhoDeCompraTeste"/>
  <testcase name="deve_poder_adicionar_itens_ao_carrinho" time="0.000" classname="carrinhoDeCompra.CarrinhoDeCompraTeste"/>
  <testcase name="deve_poder_adicionar_itens_ao_carrinho" time="0.000" classname="carrinhoDeCompra.CarrinhoDeCompraTeste"/>
  <testcase name="deve_poder_adicionar_itens_ao_carrinho" time="0.000" classname="carrinhoDeCompra.CarrinhoDeCompraTeste"/>
  <testcase name="deve_poder_adicionar_itens_ao_carrinho" time="0.001" classname="carrinhoDeCompra.CarrinhoDeCompraTeste"/>
  <testcase name="deve_poder_adicionar_itens_ao_carrinho" time="0.000" classname="carrinhoDeCompra.CarrinhoDeCompraTeste"/>
  <testcase name="deve_poder_adicionar_itens_ao_carrinho" time="0.001" classname="carrinhoDeCompra.CarrinhoDeCompraTeste"/>
  <testcase name="deve_poder_adicionar_itens_ao_carrinho" time="0.000" classname="carrinhoDeCompra.CarrinhoDeCompraTeste"/>
  <testcase name="deve_poder_adicionar_itens_ao_carrinho" time="0.000" classname="carrinhoDeCompra.CarrinhoDeCompraTeste"/>
  <testcase name="deve_poder_adicionar_itens_ao_carrinho" time="0.002" classname="carrinhoDeCompra.CarrinhoDeCompraTeste"/>
  <testcase name="deve_poder_adicionar_itens_ao_carrinho" time="0.001" classname="carrinhoDeCompra.CarrinhoDeCompraTeste"/>
  <testcase name="deve_poder_adicionar_itens_ao_carrinho" time="0.001" classname="carrinhoDeCompra.CarrinhoDeCompraTeste"/>
  <testcase name="deve_poder_adicionar_itens_ao_carrinho" time="0.001" classname="carrinhoDeCompra.CarrinhoDeCompraTeste"/>
  <testcase name="deve_poder_adicionar_itens_ao_carrinho" time="0.000" classname="carrinhoDeCompra.CarrinhoDeCompraTeste"/>
  <testcase name="deve_poder_adicionar_itens_ao_carrinho" time="0.000" classname="carrinhoDeCompra.CarrinhoDeCompraTeste"/>
  <testcase name="deve_poder_adicionar_itens_ao_carrinho" time="0.001" classname="carrinhoDeCompra.CarrinhoDeCompraTeste"/>
  <testcase name="deve_poder_adicionar_itens_ao_carrinho" time="0.001" classname="carrinhoDeCompra.CarrinhoDeCompraTeste"/>
  <testcase name="deve_poder_adicionar_itens_ao_carrinho" time="0.000" classname="carrinhoDeCompra.CarrinhoDeCompraTeste"/>
  <testcase name="deve_poder_adicionar_itens_ao_carrinho" time="0.000" classname="carrinhoDeCompra.CarrinhoDeCompraTeste"/>
  <testcase name="deve_poder_adicionar_itens_ao_carrinho" time="0.000" classname="carrinhoDeCompra.CarrinhoDeCompraTeste"/>
  <testcase name="deve_poder_adicionar_itens_ao_carrinho" time="0.000" classname="carrinhoDeCompra.CarrinhoDeCompraTeste"/>
  <testcase name="deve_poder_adicionar_itens_ao_carrinho" time="0.000" classname="carrinhoDeCompra.CarrinhoDeCompraTeste"/>
  <testcase name="deve_poder_adicionar_itens_ao_carrinho" time="0.000" classname="carrinhoDeCompra.CarrinhoDeCompraTeste"/>
  <testcase name="deve_poder_adicionar_itens_ao_carrinho" time="0.002" classname="carrinhoDeCompra.CarrinhoDeCompraTeste"/>
  <testcase name="deve_poder_adicionar_itens_ao_carrinho" time="0.000" classname="carrinhoDeCompra.CarrinhoDeCompraTeste"/>
  <testcase name="deve_poder_adicionar_itens_ao_carrinho" time="0.002" classname="carrinhoDeCompra.CarrinhoDeCompraTeste"/>
  <testcase name="deve_poder_adicionar_itens_ao_carrinho" time="0.001" classname="carrinhoDeCompra.CarrinhoDeCompraTeste"/>
  <testcase name="deve_poder_adicionar_itens_ao_carrinho" time="0.000" classname="carrinhoDeCompra.CarrinhoDeCompraTeste"/>
  <testcase name="deve_poder_adicionar_itens_ao_carrinho" time="0.001" classname="carrinhoDeCompra.CarrinhoDeCompraTeste"/>
  <testcase name="deve_poder_adicionar_itens_ao_carrinho" time="0.000" classname="carrinhoDeCompra.CarrinhoDeCompraTeste"/>
  <testcase name="deve_poder_adicionar_itens_ao_carrinho" time="0.000" classname="carrinhoDeCompra.CarrinhoDeCompraTeste"/>
  <testcase name="deve_poder_adicionar_itens_ao_carrinho" time="0.001" classname="carrinhoDeCompra.CarrinhoDeCompraTeste"/>
  <testcase name="deve_poder_adicionar_itens_ao_carrinho" time="0.000" classname="carrinhoDeCompra.CarrinhoDeCompraTeste"/>
  <testcase name="deve_poder_adicionar_itens_ao_carrinho" time="0.000" classname="carrinhoDeCompra.CarrinhoDeCompraTeste"/>
  <testcase name="deve_poder_adicionar_itens_ao_carrinho" time="0.001" classname="carrinhoDeCompra.CarrinhoDeCompraTeste"/>
  <testcase name="deve_poder_adicionar_itens_ao_carrinho" time="0.000" classname="carrinhoDeCompra.CarrinhoDeCompraTeste"/>
  <testcase name="deve_poder_adicionar_itens_ao_carrinho" time="0.000" classname="carrinhoDeCompra.CarrinhoDeCompraTeste"/>
  <testcase name="deve_poder_adicionar_itens_ao_carrinho" time="0.004" classname="carrinhoDeCompra.CarrinhoDeCompraTeste"/>
  <testcase name="deve_poder_adicionar_itens_ao_carrinho" time="0.002" classname="carrinhoDeCompra.CarrinhoDeCompraTeste"/>
  <testcase name="deve_poder_adicionar_itens_ao_carrinho" time="0.001" classname="carrinhoDeCompra.CarrinhoDeCompraTeste"/>
  <testcase name="deve_poder_adicionar_itens_ao_carrinho" time="0.001" classname="carrinhoDeCompra.CarrinhoDeCompraTeste"/>
  <testcase name="deve_poder_adicionar_itens_ao_carrinho" time="0.001" classname="carrinhoDeCompra.CarrinhoDeCompraTeste"/>
  <testcase name="deve_poder_adicionar_itens_ao_carrinho" time="0.000" classname="carrinhoDeCompra.CarrinhoDeCompraTeste"/>
  <testcase name="deve_poder_adicionar_itens_ao_carrinho" time="0.002" classname="carrinhoDeCompra.CarrinhoDeCompraTeste"/>
  <testcase name="deve_poder_adicionar_itens_ao_carrinho" time="0.000" classname="carrinhoDeCompra.CarrinhoDeCompraTeste"/>
  <testcase name="deve_poder_adicionar_itens_ao_carrinho" time="0.006" classname="carrinhoDeCompra.CarrinhoDeCompraTeste"/>
  <testcase name="deve_poder_adicionar_itens_ao_carrinho" time="0.000" classname="carrinhoDeCompra.CarrinhoDeCompraTeste"/>
  <testcase name="deve_poder_adicionar_itens_ao_carrinho" time="0.000" classname="carrinhoDeCompra.CarrinhoDeCompraTeste"/>
  <testcase name="deve_poder_adicionar_itens_ao_carrinho" time="0.001" classname="carrinhoDeCompra.CarrinhoDeCompraTeste"/>
  <testcase name="deve_poder_adicionar_itens_ao_carrinho" time="0.001" classname="carrinhoDeCompra.CarrinhoDeCompraTeste"/>
  <testcase name="deve_poder_adicionar_itens_ao_carrinho" time="0.000" classname="carrinhoDeCompra.CarrinhoDeCompraTeste"/>
  <testcase name="deve_poder_adicionar_itens_ao_carrinho" time="0.000" classname="carrinhoDeCompra.CarrinhoDeCompraTeste"/>
  <testcase name="deve_poder_adicionar_itens_ao_carrinho" time="0.001" classname="carrinhoDeCompra.CarrinhoDeCompraTeste"/>
  <testcase name="deve_poder_adicionar_itens_ao_carrinho" time="0.014" classname="carrinhoDeCompra.CarrinhoDeCompraTeste"/>
  <testcase name="deve_poder_adicionar_itens_ao_carrinho" time="0.002" classname="carrinhoDeCompra.CarrinhoDeCompraTeste"/>
  <testcase name="deve_poder_adicionar_itens_ao_carrinho" time="0.001" classname="carrinhoDeCompra.CarrinhoDeCompraTeste"/>
  <testcase name="deve_poder_adicionar_itens_ao_carrinho" time="0.000" classname="carrinhoDeCompra.CarrinhoDeCompraTeste"/>
  <testcase name="deve_poder_adicionar_itens_ao_carrinho" time="0.001" classname="carrinhoDeCompra.CarrinhoDeCompraTeste"/>
  <testcase name="deve_poder_adicionar_itens_ao_carrinho" time="0.000" classname="carrinhoDeCompra.CarrinhoDeCompraTeste"/>
  <testcase name="deve_poder_adicionar_itens_ao_carrinho" time="0.000" classname="carrinhoDeCompra.CarrinhoDeCompraTeste"/>
  <testcase name="deve_poder_adicionar_itens_ao_carrinho" time="0.000" classname="carrinhoDeCompra.CarrinhoDeCompraTeste"/>
  <testcase name="deve_poder_adicionar_itens_ao_carrinho" time="0.000" classname="carrinhoDeCompra.CarrinhoDeCompraTeste"/>
  <testcase name="deve_poder_adicionar_itens_ao_carrinho" time="0.002" classname="carrinhoDeCompra.CarrinhoDeCompraTeste"/>
  <testcase name="deve_poder_adicionar_itens_ao_carrinho" time="0.000" classname="carrinhoDeCompra.CarrinhoDeCompraTeste"/>
  <testcase name="deve_poder_adicionar_itens_ao_carrinho" time="0.000" classname="carrinhoDeCompra.CarrinhoDeCompraTeste"/>
  <testcase name="deve_poder_adicionar_itens_ao_carrinho" time="0.001" classname="carrinhoDeCompra.CarrinhoDeCompraTeste"/>
  <testcase name="deve_poder_adicionar_itens_ao_carrinho" time="0.000" classname="carrinhoDeCompra.CarrinhoDeCompraTeste"/>
  <testcase name="deve_poder_adicionar_itens_ao_carrinho" time="0.000" classname="carrinhoDeCompra.CarrinhoDeCompraTeste"/>
  <testcase name="deve_poder_adicionar_itens_ao_carrinho" time="0.000" classname="carrinhoDeCompra.CarrinhoDeCompraTeste"/>
  <testcase name="deve_poder_adicionar_itens_ao_carrinho" time="0.000" classname="carrinhoDeCompra.CarrinhoDeCompraTeste"/>
  <testcase name="deve_poder_adicionar_itens_ao_carrinho" time="0.000" classname="carrinhoDeCompra.CarrinhoDeCompraTeste"/>
  <testcase name="deve_poder_adicionar_itens_ao_carrinho" time="0.000" classname="carrinhoDeCompra.CarrinhoDeCompraTeste"/>
  <testcase name="deve_poder_adicionar_itens_ao_carrinho" time="0.001" classname="carrinhoDeCompra.CarrinhoDeCompraTeste"/>
  <testcase name="deve_poder_adicionar_itens_ao_carrinho" time="0.001" classname="carrinhoDeCompra.CarrinhoDeCompraTeste"/>
  <testcase name="deve_poder_adicionar_itens_ao_carrinho" time="0.000" classname="carrinhoDeCompra.CarrinhoDeCompraTeste"/>
  <testcase name="deve_poder_adicionar_itens_ao_carrinho" time="0.000" classname="carrinhoDeCompra.CarrinhoDeCompraTeste"/>
  <testcase name="deve_poder_adicionar_itens_ao_carrinho" time="0.000" classname="carrinhoDeCompra.CarrinhoDeCompraTeste"/>
  <testcase name="deve_poder_adicionar_itens_ao_carrinho" time="0.001" classname="carrinhoDeCompra.CarrinhoDeCompraTeste"/>
  <testcase name="deve_poder_adicionar_itens_ao_carrinho" time="0.000" classname="carrinhoDeCompra.CarrinhoDeCompraTeste"/>
  <testcase name="deve_poder_adicionar_itens_ao_carrinho" time="0.000" classname="carrinhoDeCompra.CarrinhoDeCompraTeste"/>
  <testcase name="deve_poder_adicionar_itens_ao_carrinho" time="0.000" classname="carrinhoDeCompra.CarrinhoDeCompraTeste"/>
  <testcase name="deve_poder_adicionar_itens_ao_carrinho" time="0.000" classname="carrinhoDeCompra.CarrinhoDeCompraTeste"/>
  <testcase name="deve_poder_adicionar_itens_ao_carrinho" time="0.001" classname="carrinhoDeCompra.CarrinhoDeCompraTeste"/>
  <testcase name="deve_poder_adicionar_itens_ao_carrinho" time="0.003" classname="carrinhoDeCompra.CarrinhoDeCompraTeste"/>
  <testcase name="deve_poder_adicionar_itens_ao_carrinho" time="0.008" classname="carrinhoDeCompra.CarrinhoDeCompraTeste"/>
  <testcase name="deve_poder_adicionar_itens_ao_carrinho" time="0.002" classname="carrinhoDeCompra.CarrinhoDeCompraTeste"/>
  <testcase name="deve_poder_adicionar_itens_ao_carrinho" time="0.000" classname="carrinhoDeCompra.CarrinhoDeCompraTeste"/>
  <testcase name="deve_poder_adicionar_itens_ao_carrinho" time="0.000" classname="carrinhoDeCompra.CarrinhoDeCompraTeste"/>
  <testcase name="deve_poder_adicionar_itens_ao_carrinho" time="0.000" classname="carrinhoDeCompra.CarrinhoDeCompraTeste"/>
  <testcase name="deve_poder_adicionar_itens_ao_carrinho" time="0.000" classname="carrinhoDeCompra.CarrinhoDeCompraTeste"/>
  <testcase name="deve_poder_adicionar_itens_ao_carrinho" time="0.006" classname="carrinhoDeCompra.CarrinhoDeCompraTeste"/>
  <testcase name="deve_poder_adicionar_itens_ao_carrinho" time="0.000" classname="carrinhoDeCompra.CarrinhoDeCompraTeste"/>
  <testcase name="deve_poder_adicionar_itens_ao_carrinho" time="0.000" classname="carrinhoDeCompra.CarrinhoDeCompraTeste"/>
  <testcase name="deve_poder_adicionar_itens_ao_carrinho" time="0.001" classname="carrinhoDeCompra.CarrinhoDeCompraTeste"/>
  <testcase name="deve_poder_adicionar_itens_ao_carrinho" time="0.004" classname="carrinhoDeCompra.CarrinhoDeCompraTeste"/>
  <testcase name="deve_poder_adicionar_itens_ao_carrinho" time="0.001" classname="carrinhoDeCompra.CarrinhoDeCompraTeste"/>
  <testcase name="deve_poder_adicionar_itens_ao_carrinho" time="0.001" classname="carrinhoDeCompra.CarrinhoDeCompraTeste"/>
  <testcase name="deve_poder_adicionar_itens_ao_carrinho" time="0.002" classname="carrinhoDeCompra.CarrinhoDeCompraTeste"/>
  <testcase name="deve_poder_adicionar_itens_ao_carrinho" time="0.001" classname="carrinhoDeCompra.CarrinhoDeCompraTeste"/>
  <testcase name="deve_poder_adicionar_itens_ao_carrinho" time="0.000" classname="carrinhoDeCompra.CarrinhoDeCompraTeste"/>
  <testcase name="deve_poder_adicionar_itens_ao_carrinho" time="0.001" classname="carrinhoDeCompra.CarrinhoDeCompraTeste"/>
  <testcase name="deve_poder_adicionar_itens_ao_carrinho" time="0.001" classname="carrinhoDeCompra.CarrinhoDeCompraTeste"/>
  <testcase name="deve_poder_adicionar_itens_ao_carrinho" time="0.000" classname="carrinhoDeCompra.CarrinhoDeCompraTeste"/>
  <testcase name="deve_poder_adicionar_itens_ao_carrinho" time="0.000" classname="carrinhoDeCompra.CarrinhoDeCompraTeste"/>
  <testcase name="deve_poder_adicionar_itens_ao_carrinho" time="0.000" classname="carrinhoDeCompra.CarrinhoDeCompraTeste"/>
  <testcase name="deve_poder_adicionar_itens_ao_carrinho" time="0.000" classname="carrinhoDeCompra.CarrinhoDeCompraTeste"/>
  <testcase name="deve_poder_adicionar_itens_ao_carrinho" time="0.000" classname="carrinhoDeCompra.CarrinhoDeCompraTeste"/>
  <testcase name="deve_poder_adicionar_itens_ao_carrinho" time="0.000" classname="carrinhoDeCompra.CarrinhoDeCompraTeste"/>
  <testcase name="deve_poder_adicionar_itens_ao_carrinho" time="0.030" classname="carrinhoDeCompra.CarrinhoDeCompraTeste"/>
  <testcase name="deve_poder_adicionar_itens_ao_carrinho" time="0.000" classname="carrinhoDeCompra.CarrinhoDeCompraTeste"/>
  <testcase name="deve_poder_adicionar_itens_ao_carrinho" time="0.000" classname="carrinhoDeCompra.CarrinhoDeCompraTeste"/>
  <testcase name="deve_poder_adicionar_itens_ao_carrinho" time="0.001" classname="carrinhoDeCompra.CarrinhoDeCompraTeste"/>
  <testcase name="deve_poder_adicionar_itens_ao_carrinho" time="0.001" classname="carrinhoDeCompra.CarrinhoDeCompraTeste"/>
  <testcase name="deve_poder_adicionar_itens_ao_carrinho" time="0.001" classname="carrinhoDeCompra.CarrinhoDeCompraTeste"/>
  <testcase name="deve_poder_adicionar_itens_ao_carrinho" time="0.001" classname="carrinhoDeCompra.CarrinhoDeCompraTeste"/>
  <testcase name="deve_poder_adicionar_itens_ao_carrinho" time="0.002" classname="carrinhoDeCompra.CarrinhoDeCompraTeste"/>
  <testcase name="deve_poder_adicionar_itens_ao_carrinho" time="0.005" classname="carrinhoDeCompra.CarrinhoDeCompraTeste"/>
  <testcase name="deve_poder_adicionar_itens_ao_carrinho" time="0.001" classname="carrinhoDeCompra.CarrinhoDeCompraTeste"/>
  <testcase name="deve_poder_adicionar_itens_ao_carrinho" time="0.000" classname="carrinhoDeCompra.CarrinhoDeCompraTeste"/>
  <testcase name="deve_poder_adicionar_itens_ao_carrinho" time="0.001" classname="carrinhoDeCompra.CarrinhoDeCompraTeste"/>
  <testcase name="deve_poder_adicionar_itens_ao_carrinho" time="0.002" classname="carrinhoDeCompra.CarrinhoDeCompraTeste"/>
  <testcase name="deve_poder_adicionar_itens_ao_carrinho" time="0.003" classname="carrinhoDeCompra.CarrinhoDeCompraTeste"/>
  <testcase name="deve_poder_adicionar_itens_ao_carrinho" time="0.000" classname="carrinhoDeCompra.CarrinhoDeCompraTeste"/>
  <testcase name="deve_poder_adicionar_itens_ao_carrinho" time="0.000" classname="carrinhoDeCompra.CarrinhoDeCompraTeste"/>
  <testcase name="deve_poder_adicionar_itens_ao_carrinho" time="0.000" classname="carrinhoDeCompra.CarrinhoDeCompraTeste"/>
  <testcase name="deve_poder_adicionar_itens_ao_carrinho" time="0.001" classname="carrinhoDeCompra.CarrinhoDeCompraTeste"/>
  <testcase name="deve_poder_adicionar_itens_ao_carrinho" time="0.002" classname="carrinhoDeCompra.CarrinhoDeCompraTeste"/>
  <testcase name="deve_poder_adicionar_itens_ao_carrinho" time="0.000" classname="carrinhoDeCompra.CarrinhoDeCompraTeste"/>
  <testcase name="deve_poder_adicionar_itens_ao_carrinho" time="0.001" classname="carrinhoDeCompra.CarrinhoDeCompraTeste"/>
  <testcase name="deve_poder_adicionar_itens_ao_carrinho" time="0.007" classname="carrinhoDeCompra.CarrinhoDeCompraTeste"/>
  <testcase name="deve_poder_adicionar_itens_ao_carrinho" time="0.023" classname="carrinhoDeCompra.CarrinhoDeCompraTeste"/>
  <testcase name="deve_poder_adicionar_itens_ao_carrinho" time="0.001" classname="carrinhoDeCompra.CarrinhoDeCompraTeste"/>
  <testcase name="deve_poder_adicionar_itens_ao_carrinho" time="0.001" classname="carrinhoDeCompra.CarrinhoDeCompraTeste"/>
  <testcase name="deve_poder_adicionar_itens_ao_carrinho" time="0.001" classname="carrinhoDeCompra.CarrinhoDeCompraTeste"/>
  <testcase name="deve_poder_adicionar_itens_ao_carrinho" time="0.005" classname="carrinhoDeCompra.CarrinhoDeCompraTeste"/>
  <testcase name="deve_poder_adicionar_itens_ao_carrinho" time="0.001" classname="carrinhoDeCompra.CarrinhoDeCompraTeste"/>
  <testcase name="deve_poder_adicionar_itens_ao_carrinho" time="0.001" classname="carrinhoDeCompra.CarrinhoDeCompraTeste"/>
  <testcase name="deve_poder_adicionar_itens_ao_carrinho" time="0.000" classname="carrinhoDeCompra.CarrinhoDeCompraTeste"/>
  <testcase name="deve_poder_adicionar_itens_ao_carrinho" time="0.000" classname="carrinhoDeCompra.CarrinhoDeCompraTeste"/>
  <testcase name="deve_poder_adicionar_itens_ao_carrinho" time="0.000" classname="carrinhoDeCompra.CarrinhoDeCompraTeste"/>
  <testcase name="deve_poder_adicionar_itens_ao_carrinho" time="0.018" classname="carrinhoDeCompra.CarrinhoDeCompraTeste"/>
  <testcase name="deve_poder_adicionar_itens_ao_carrinho" time="0.002" classname="carrinhoDeCompra.CarrinhoDeCompraTeste"/>
  <testcase name="deve_poder_adicionar_itens_ao_carrinho" time="0.001" classname="carrinhoDeCompra.CarrinhoDeCompraTeste"/>
  <testcase name="deve_poder_adicionar_itens_ao_carrinho" time="0.001" classname="carrinhoDeCompra.CarrinhoDeCompraTeste"/>
  <testcase name="deve_poder_adicionar_itens_ao_carrinho" time="0.001" classname="carrinhoDeCompra.CarrinhoDeCompraTeste"/>
  <testcase name="deve_poder_adicionar_itens_ao_carrinho" time="0.000" classname="carrinhoDeCompra.CarrinhoDeCompraTeste"/>
  <testcase name="deve_poder_adicionar_itens_ao_carrinho" time="0.001" classname="carrinhoDeCompra.CarrinhoDeCompraTeste"/>
  <testcase name="deve_poder_adicionar_itens_ao_carrinho" time="0.001" classname="carrinhoDeCompra.CarrinhoDeCompraTeste"/>
  <testcase name="deve_poder_adicionar_itens_ao_carrinho" time="0.000" classname="carrinhoDeCompra.CarrinhoDeCompraTeste"/>
  <testcase name="deve_poder_adicionar_itens_ao_carrinho" time="0.003" classname="carrinhoDeCompra.CarrinhoDeCompraTeste"/>
  <testcase name="deve_poder_adicionar_itens_ao_carrinho" time="0.000" classname="carrinhoDeCompra.CarrinhoDeCompraTeste"/>
  <testcase name="deve_poder_adicionar_itens_ao_carrinho" time="0.000" classname="carrinhoDeCompra.CarrinhoDeCompraTeste"/>
  <testcase name="deve_poder_adicionar_itens_ao_carrinho" time="0.000" classname="carrinhoDeCompra.CarrinhoDeCompraTeste"/>
  <testcase name="deve_poder_adicionar_itens_ao_carrinho" time="0.001" classname="carrinhoDeCompra.CarrinhoDeCompraTeste"/>
  <testcase name="deve_poder_adicionar_itens_ao_carrinho" time="0.000" classname="carrinhoDeCompra.CarrinhoDeCompraTeste"/>
  <testcase name="deve_poder_adicionar_itens_ao_carrinho" time="0.000" classname="carrinhoDeCompra.CarrinhoDeCompraTeste"/>
  <testcase name="deve_poder_adicionar_itens_ao_carrinho" time="0.001" classname="carrinhoDeCompra.CarrinhoDeCompraTeste"/>
  <testcase name="deve_poder_adicionar_itens_ao_carrinho" time="0.002" classname="carrinhoDeCompra.CarrinhoDeCompraTeste"/>
  <testcase name="deve_poder_adicionar_itens_ao_carrinho" time="0.001" classname="carrinhoDeCompra.CarrinhoDeCompraTeste"/>
  <testcase name="deve_poder_adicionar_itens_ao_carrinho" time="0.001" classname="carrinhoDeCompra.CarrinhoDeCompraTeste"/>
  <testcase name="deve_poder_adicionar_itens_ao_carrinho" time="0.000" classname="carrinhoDeCompra.CarrinhoDeCompraTeste"/>
  <testcase name="deve_poder_adicionar_itens_ao_carrinho" time="0.001" classname="carrinhoDeCompra.CarrinhoDeCompraTeste"/>
  <testcase name="deve_poder_adicionar_itens_ao_carrinho" time="0.001" classname="carrinhoDeCompra.CarrinhoDeCompraTeste"/>
  <testcase name="deve_poder_adicionar_itens_ao_carrinho" time="0.000" classname="carrinhoDeCompra.CarrinhoDeCompraTeste"/>
  <testcase name="deve_poder_adicionar_itens_ao_carrinho" time="0.002" classname="carrinhoDeCompra.CarrinhoDeCompraTeste"/>
  <testcase name="deve_poder_adicionar_itens_ao_carrinho" time="0.000" classname="carrinhoDeCompra.CarrinhoDeCompraTeste"/>
  <testcase name="deve_poder_adicionar_itens_ao_carrinho" time="0.001" classname="carrinhoDeCompra.CarrinhoDeCompraTeste"/>
  <testcase name="deve_poder_adicionar_itens_ao_carrinho" time="0.000" classname="carrinhoDeCompra.CarrinhoDeCompraTeste"/>
  <testcase name="deve_poder_adicionar_itens_ao_carrinho" time="0.000" classname="carrinhoDeCompra.CarrinhoDeCompraTeste"/>
  <testcase name="deve_poder_adicionar_itens_ao_carrinho" time="0.000" classname="carrinhoDeCompra.CarrinhoDeCompraTeste"/>
  <testcase name="deve_poder_adicionar_itens_ao_carrinho" time="0.001" classname="carrinhoDeCompra.CarrinhoDeCompraTeste"/>
  <testcase name="deve_poder_adicionar_itens_ao_carrinho" time="0.001" classname="carrinhoDeCompra.CarrinhoDeCompraTeste"/>
  <testcase name="deve_poder_adicionar_itens_ao_carrinho" time="0.000" classname="carrinhoDeCompra.CarrinhoDeCompraTeste"/>
  <testcase name="deve_poder_adicionar_itens_ao_carrinho" time="0.002" classname="carrinhoDeCompra.CarrinhoDeCompraTeste"/>
  <testcase name="deve_poder_adicionar_itens_ao_carrinho" time="0.000" classname="carrinhoDeCompra.CarrinhoDeCompraTeste"/>
  <testcase name="deve_poder_adicionar_itens_ao_carrinho" time="0.001" classname="carrinhoDeCompra.CarrinhoDeCompraTeste"/>
  <testcase name="deve_poder_adicionar_itens_ao_carrinho" time="0.000" classname="carrinhoDeCompra.CarrinhoDeCompraTeste"/>
  <testcase name="deve_poder_adicionar_itens_ao_carrinho" time="0.000" classname="carrinhoDeCompra.CarrinhoDeCompraTeste"/>
  <testcase name="deve_poder_adicionar_itens_ao_carrinho" time="0.002" classname="carrinhoDeCompra.CarrinhoDeCompraTeste"/>
  <testcase name="deve_poder_adicionar_itens_ao_carrinho" time="0.002" classname="carrinhoDeCompra.CarrinhoDeCompraTeste"/>
  <testcase name="deve_poder_adicionar_itens_ao_carrinho" time="0.000" classname="carrinhoDeCompra.CarrinhoDeCompraTeste"/>
  <testcase name="deve_poder_adicionar_itens_ao_carrinho" time="0.001" classname="carrinhoDeCompra.CarrinhoDeCompraTeste"/>
  <testcase name="deve_poder_adicionar_itens_ao_carrinho" time="0.001" classname="carrinhoDeCompra.CarrinhoDeCompraTeste"/>
  <testcase name="deve_poder_adicionar_itens_ao_carrinho" time="0.001" classname="carrinhoDeCompra.CarrinhoDeCompraTeste"/>
  <testcase name="deve_poder_adicionar_itens_ao_carrinho" time="0.001" classname="carrinhoDeCompra.CarrinhoDeCompraTeste"/>
  <testcase name="deve_poder_adicionar_itens_ao_carrinho" time="0.000" classname="carrinhoDeCompra.CarrinhoDeCompraTeste"/>
  <testcase name="deve_poder_adicionar_itens_ao_carrinho" time="0.000" classname="carrinhoDeCompra.CarrinhoDeCompraTeste"/>
  <testcase name="deve_poder_adicionar_itens_ao_carrinho" time="0.002" classname="carrinhoDeCompra.CarrinhoDeCompraTeste"/>
  <testcase name="deve_poder_adicionar_itens_ao_carrinho" time="0.001" classname="carrinhoDeCompra.CarrinhoDeCompraTeste"/>
  <testcase name="deve_poder_adicionar_itens_ao_carrinho" time="0.001" classname="carrinhoDeCompra.CarrinhoDeCompraTeste"/>
  <testcase name="deve_poder_adicionar_itens_ao_carrinho" time="0.001" classname="carrinhoDeCompra.CarrinhoDeCompraTeste"/>
  <testcase name="deve_poder_adicionar_itens_ao_carrinho" time="0.001" classname="carrinhoDeCompra.CarrinhoDeCompraTeste"/>
  <testcase name="deve_poder_adicionar_itens_ao_carrinho" time="0.001" classname="carrinhoDeCompra.CarrinhoDeCompraTeste"/>
  <testcase name="deve_poder_adicionar_itens_ao_carrinho" time="0.012" classname="carrinhoDeCompra.CarrinhoDeCompraTeste"/>
  <testcase name="deve_poder_adicionar_itens_ao_carrinho" time="0.011" classname="carrinhoDeCompra.CarrinhoDeCompraTeste"/>
  <testcase name="deve_poder_adicionar_itens_ao_carrinho" time="0.001" classname="carrinhoDeCompra.CarrinhoDeCompraTeste"/>
  <testcase name="deve_poder_adicionar_itens_ao_carrinho" time="0.003" classname="carrinhoDeCompra.CarrinhoDeCompraTeste"/>
  <testcase name="deve_poder_adicionar_itens_ao_carrinho" time="0.000" classname="carrinhoDeCompra.CarrinhoDeCompraTeste"/>
  <testcase name="deve_poder_adicionar_itens_ao_carrinho" time="0.001" classname="carrinhoDeCompra.CarrinhoDeCompraTeste"/>
  <testcase name="deve_poder_adicionar_itens_ao_carrinho" time="0.000" classname="carrinhoDeCompra.CarrinhoDeCompraTeste"/>
  <testcase name="deve_poder_adicionar_itens_ao_carrinho" time="0.000" classname="carrinhoDeCompra.CarrinhoDeCompraTeste"/>
  <testcase name="deve_poder_adicionar_itens_ao_carrinho" time="0.001" classname="carrinhoDeCompra.CarrinhoDeCompraTeste"/>
  <testcase name="deve_poder_adicionar_itens_ao_carrinho" time="0.000" classname="carrinhoDeCompra.CarrinhoDeCompraTeste"/>
  <testcase name="deve_poder_adicionar_itens_ao_carrinho" time="0.000" classname="carrinhoDeCompra.CarrinhoDeCompraTeste"/>
  <testcase name="deve_poder_adicionar_itens_ao_carrinho" time="0.004" classname="carrinhoDeCompra.CarrinhoDeCompraTeste"/>
  <testcase name="deve_poder_adicionar_itens_ao_carrinho" time="0.001" classname="carrinhoDeCompra.CarrinhoDeCompraTeste"/>
  <testcase name="deve_poder_adicionar_itens_ao_carrinho" time="0.000" classname="carrinhoDeCompra.CarrinhoDeCompraTeste"/>
  <testcase name="deve_poder_adicionar_itens_ao_carrinho" time="0.000" classname="carrinhoDeCompra.CarrinhoDeCompraTeste"/>
  <testcase name="deve_poder_adicionar_itens_ao_carrinho" time="0.002" classname="carrinhoDeCompra.CarrinhoDeCompraTeste"/>
  <testcase name="deve_poder_adicionar_itens_ao_carrinho" time="0.018" classname="carrinhoDeCompra.CarrinhoDeCompraTeste"/>
  <testcase name="deve_poder_adicionar_itens_ao_carrinho" time="0.000" classname="carrinhoDeCompra.CarrinhoDeCompraTeste"/>
  <testcase name="deve_poder_adicionar_itens_ao_carrinho" time="0.000" classname="carrinhoDeCompra.CarrinhoDeCompraTeste"/>
  <testcase name="deve_poder_adicionar_itens_ao_carrinho" time="0.001" classname="carrinhoDeCompra.CarrinhoDeCompraTeste"/>
  <testcase name="deve_poder_adicionar_itens_ao_carrinho" time="0.000" classname="carrinhoDeCompra.CarrinhoDeCompraTeste"/>
  <testcase name="deve_poder_adicionar_itens_ao_carrinho" time="0.000" classname="carrinhoDeCompra.CarrinhoDeCompraTeste"/>
  <testcase name="deve_poder_adicionar_itens_ao_carrinho" time="0.001" classname="carrinhoDeCompra.CarrinhoDeCompraTeste"/>
  <testcase name="deve_poder_adicionar_itens_ao_carrinho" time="0.000" classname="carrinhoDeCompra.CarrinhoDeCompraTeste"/>
  <testcase name="deve_poder_adicionar_itens_ao_carrinho" time="0.001" classname="carrinhoDeCompra.CarrinhoDeCompraTeste"/>
  <testcase name="deve_poder_adicionar_itens_ao_carrinho" time="0.000" classname="carrinhoDeCompra.CarrinhoDeCompraTeste"/>
  <testcase name="deve_poder_adicionar_itens_ao_carrinho" time="0.002" classname="carrinhoDeCompra.CarrinhoDeCompraTeste"/>
  <testcase name="deve_poder_adicionar_itens_ao_carrinho" time="0.001" classname="carrinhoDeCompra.CarrinhoDeCompraTeste"/>
  <testcase name="deve_poder_adicionar_itens_ao_carrinho" time="0.000" classname="carrinhoDeCompra.CarrinhoDeCompraTeste"/>
  <testcase name="deve_poder_adicionar_itens_ao_carrinho" time="0.000" classname="carrinhoDeCompra.CarrinhoDeCompraTeste"/>
  <testcase name="deve_poder_adicionar_itens_ao_carrinho" time="0.001" classname="carrinhoDeCompra.CarrinhoDeCompraTeste"/>
  <testcase name="deve_poder_adicionar_itens_ao_carrinho" time="0.000" classname="carrinhoDeCompra.CarrinhoDeCompraTeste"/>
  <testcase name="deve_poder_adicionar_itens_ao_carrinho" time="0.000" classname="carrinhoDeCompra.CarrinhoDeCompraTeste"/>
  <testcase name="deve_poder_adicionar_itens_ao_carrinho" time="0.001" classname="carrinhoDeCompra.CarrinhoDeCompraTeste"/>
  <testcase name="deve_poder_adicionar_itens_ao_carrinho" time="0.001" classname="carrinhoDeCompra.CarrinhoDeCompraTeste"/>
  <testcase name="deve_poder_adicionar_itens_ao_carrinho" time="0.000" classname="carrinhoDeCompra.CarrinhoDeCompraTeste"/>
  <testcase name="deve_poder_adicionar_itens_ao_carrinho" time="0.000" classname="carrinhoDeCompra.CarrinhoDeCompraTeste"/>
  <testcase name="deve_poder_adicionar_itens_ao_carrinho" time="0.003" classname="carrinhoDeCompra.CarrinhoDeCompraTeste"/>
  <testcase name="deve_poder_adicionar_itens_ao_carrinho" time="0.002" classname="carrinhoDeCompra.CarrinhoDeCompraTeste"/>
  <testcase name="deve_poder_adicionar_itens_ao_carrinho" time="0.001" classname="carrinhoDeCompra.CarrinhoDeCompraTeste"/>
  <testcase name="deve_poder_adicionar_itens_ao_carrinho" time="0.002" classname="carrinhoDeCompra.CarrinhoDeCompraTeste"/>
  <testcase name="deve_poder_adicionar_itens_ao_carrinho" time="0.002" classname="carrinhoDeCompra.CarrinhoDeCompraTeste"/>
  <testcase name="deve_poder_adicionar_itens_ao_carrinho" time="0.001" classname="carrinhoDeCompra.CarrinhoDeCompraTeste"/>
  <testcase name="deve_poder_adicionar_itens_ao_carrinho" time="0.000" classname="carrinhoDeCompra.CarrinhoDeCompraTeste"/>
  <testcase name="deve_poder_adicionar_itens_ao_carrinho" time="0.000" classname="carrinhoDeCompra.CarrinhoDeCompraTeste"/>
  <testcase name="deve_poder_adicionar_itens_ao_carrinho" time="0.000" classname="carrinhoDeCompra.CarrinhoDeCompraTeste"/>
  <testcase name="deve_poder_adicionar_itens_ao_carrinho" time="0.000" classname="carrinhoDeCompra.CarrinhoDeCompraTeste"/>
  <testcase name="deve_poder_adicionar_itens_ao_carrinho" time="0.000" classname="carrinhoDeCompra.CarrinhoDeCompraTeste"/>
  <testcase name="deve_poder_adicionar_itens_ao_carrinho" time="0.000" classname="carrinhoDeCompra.CarrinhoDeCompraTeste"/>
  <testcase name="deve_poder_adicionar_itens_ao_carrinho" time="0.001" classname="carrinhoDeCompra.CarrinhoDeCompraTeste"/>
  <testcase name="deve_poder_adicionar_itens_ao_carrinho" time="0.001" classname="carrinhoDeCompra.CarrinhoDeCompraTeste"/>
  <testcase name="deve_poder_adicionar_itens_ao_carrinho" time="0.001" classname="carrinhoDeCompra.CarrinhoDeCompraTeste"/>
  <testcase name="deve_poder_adicionar_itens_ao_carrinho" time="0.000" classname="carrinhoDeCompra.CarrinhoDeCompraTeste"/>
  <testcase name="deve_poder_adicionar_itens_ao_carrinho" time="0.001" classname="carrinhoDeCompra.CarrinhoDeCompraTeste"/>
  <testcase name="deve_poder_adicionar_itens_ao_carrinho" time="0.001" classname="carrinhoDeCompra.CarrinhoDeCompraTeste"/>
  <testcase name="deve_poder_adicionar_itens_ao_carrinho" time="0.001" classname="carrinhoDeCompra.CarrinhoDeCompraTeste"/>
  <testcase name="deve_poder_adicionar_itens_ao_carrinho" time="0.000" classname="carrinhoDeCompra.CarrinhoDeCompraTeste"/>
  <testcase name="deve_poder_adicionar_itens_ao_carrinho" time="0.001" classname="carrinhoDeCompra.CarrinhoDeCompraTeste"/>
  <testcase name="deve_poder_adicionar_itens_ao_carrinho" time="0.000" classname="carrinhoDeCompra.CarrinhoDeCompraTeste"/>
  <testcase name="deve_poder_adicionar_itens_ao_carrinho" time="0.001" classname="carrinhoDeCompra.CarrinhoDeCompraTeste"/>
  <testcase name="deve_poder_adicionar_itens_ao_carrinho" time="0.000" classname="carrinhoDeCompra.CarrinhoDeCompraTeste"/>
  <testcase name="deve_poder_adicionar_itens_ao_carrinho" time="0.001" classname="carrinhoDeCompra.CarrinhoDeCompraTeste"/>
  <testcase name="deve_poder_adicionar_itens_ao_carrinho" time="0.000" classname="carrinhoDeCompra.CarrinhoDeCompraTeste"/>
  <testcase name="deve_poder_adicionar_itens_ao_carrinho" time="0.001" classname="carrinhoDeCompra.CarrinhoDeCompraTeste"/>
  <testcase name="deve_poder_adicionar_itens_ao_carrinho" time="0.000" classname="carrinhoDeCompra.CarrinhoDeCompraTeste"/>
  <testcase name="deve_poder_adicionar_itens_ao_carrinho" time="0.000" classname="carrinhoDeCompra.CarrinhoDeCompraTeste"/>
  <testcase name="deve_poder_adicionar_itens_ao_carrinho" time="0.001" classname="carrinhoDeCompra.CarrinhoDeCompraTeste"/>
  <testcase name="deve_poder_adicionar_itens_ao_carrinho" time="0.000" classname="carrinhoDeCompra.CarrinhoDeCompraTeste"/>
  <testcase name="deve_poder_adicionar_itens_ao_carrinho" time="0.000" classname="carrinhoDeCompra.CarrinhoDeCompraTeste"/>
  <testcase name="deve_poder_adicionar_itens_ao_carrinho" time="0.001" classname="carrinhoDeCompra.CarrinhoDeCompraTeste"/>
  <testcase name="deve_poder_adicionar_itens_ao_carrinho" time="0.002" classname="carrinhoDeCompra.CarrinhoDeCompraTeste"/>
  <testcase name="deve_poder_adicionar_itens_ao_carrinho" time="0.000" classname="carrinhoDeCompra.CarrinhoDeCompraTeste"/>
  <testcase name="deve_poder_adicionar_itens_ao_carrinho" time="0.000" classname="carrinhoDeCompra.CarrinhoDeCompraTeste"/>
  <testcase name="deve_poder_adicionar_itens_ao_carrinho" time="0.000" classname="carrinhoDeCompra.CarrinhoDeCompraTeste"/>
  <testcase name="deve_poder_adicionar_itens_ao_carrinho" time="0.001" classname="carrinhoDeCompra.CarrinhoDeCompraTeste"/>
  <testcase name="deve_poder_adicionar_itens_ao_carrinho" time="0.000" classname="carrinhoDeCompra.CarrinhoDeCompraTeste"/>
  <testcase name="deve_poder_adicionar_itens_ao_carrinho" time="0.000" classname="carrinhoDeCompra.CarrinhoDeCompraTeste"/>
  <testcase name="deve_poder_adicionar_itens_ao_carrinho" time="0.000" classname="carrinhoDeCompra.CarrinhoDeCompraTeste"/>
  <testcase name="deve_poder_adicionar_itens_ao_carrinho" time="0.001" classname="carrinhoDeCompra.CarrinhoDeCompraTeste"/>
  <testcase name="deve_poder_adicionar_itens_ao_carrinho" time="0.001" classname="carrinhoDeCompra.CarrinhoDeCompraTeste"/>
  <testcase name="deve_poder_adicionar_itens_ao_carrinho" time="0.001" classname="carrinhoDeCompra.CarrinhoDeCompraTeste"/>
  <testcase name="deve_poder_adicionar_itens_ao_carrinho" time="0.000" classname="carrinhoDeCompra.CarrinhoDeCompraTeste"/>
  <testcase name="deve_poder_adicionar_itens_ao_carrinho" time="0.000" classname="carrinhoDeCompra.CarrinhoDeCompraTeste"/>
  <testcase name="deve_poder_adicionar_itens_ao_carrinho" time="0.000" classname="carrinhoDeCompra.CarrinhoDeCompraTeste"/>
  <testcase name="deve_poder_adicionar_itens_ao_carrinho" time="0.000" classname="carrinhoDeCompra.CarrinhoDeCompraTeste"/>
  <testcase name="deve_poder_adicionar_itens_ao_carrinho" time="0.000" classname="carrinhoDeCompra.CarrinhoDeCompraTeste"/>
  <testcase name="deve_poder_adicionar_itens_ao_carrinho" time="0.001" classname="carrinhoDeCompra.CarrinhoDeCompraTeste"/>
  <testcase name="deve_poder_adicionar_itens_ao_carrinho" time="0.000" classname="carrinhoDeCompra.CarrinhoDeCompraTeste"/>
  <testcase name="deve_poder_adicionar_itens_ao_carrinho" time="0.001" classname="carrinhoDeCompra.CarrinhoDeCompraTeste"/>
  <testcase name="deve_poder_adicionar_itens_ao_carrinho" time="0.001" classname="carrinhoDeCompra.CarrinhoDeCompraTeste"/>
  <testcase name="deve_poder_adicionar_itens_ao_carrinho" time="0.002" classname="carrinhoDeCompra.CarrinhoDeCompraTeste"/>
  <testcase name="deve_poder_adicionar_itens_ao_carrinho" time="0.001" classname="carrinhoDeCompra.CarrinhoDeCompraTeste"/>
  <testcase name="deve_poder_adicionar_itens_ao_carrinho" time="0.001" classname="carrinhoDeCompra.CarrinhoDeCompraTeste"/>
  <testcase name="deve_poder_adicionar_itens_ao_carrinho" time="0.000" classname="carrinhoDeCompra.CarrinhoDeCompraTeste"/>
  <testcase name="deve_poder_adicionar_itens_ao_carrinho" time="0.000" classname="carrinhoDeCompra.CarrinhoDeCompraTeste"/>
  <testcase name="deve_poder_adicionar_itens_ao_carrinho" time="0.000" classname="carrinhoDeCompra.CarrinhoDeCompraTeste"/>
  <testcase name="deve_poder_adicionar_itens_ao_carrinho" time="0.001" classname="carrinhoDeCompra.CarrinhoDeCompraTeste"/>
  <testcase name="deve_poder_adicionar_itens_ao_carrinho" time="0.000" classname="carrinhoDeCompra.CarrinhoDeCompraTeste"/>
  <testcase name="deve_poder_adicionar_itens_ao_carrinho" time="0.002" classname="carrinhoDeCompra.CarrinhoDeCompraTeste"/>
  <testcase name="deve_poder_adicionar_itens_ao_carrinho" time="0.000" classname="carrinhoDeCompra.CarrinhoDeCompraTeste"/>
  <testcase name="deve_poder_adicionar_itens_ao_carrinho" time="0.001" classname="carrinhoDeCompra.CarrinhoDeCompraTeste"/>
  <testcase name="deve_poder_adicionar_itens_ao_carrinho" time="0.001" classname="carrinhoDeCompra.CarrinhoDeCompraTeste"/>
  <testcase name="deve_poder_adicionar_itens_ao_carrinho" time="0.001" classname="carrinhoDeCompra.CarrinhoDeCompraTeste"/>
  <testcase name="deve_poder_adicionar_itens_ao_carrinho" time="0.000" classname="carrinhoDeCompra.CarrinhoDeCompraTeste"/>
  <testcase name="deve_poder_adicionar_itens_ao_carrinho" time="0.001" classname="carrinhoDeCompra.CarrinhoDeCompraTeste"/>
  <testcase name="deve_poder_adicionar_itens_ao_carrinho" time="0.000" classname="carrinhoDeCompra.CarrinhoDeCompraTeste"/>
  <testcase name="deve_poder_adicionar_itens_ao_carrinho" time="0.000" classname="carrinhoDeCompra.CarrinhoDeCompraTeste"/>
  <testcase name="deve_poder_adicionar_itens_ao_carrinho" time="0.000" classname="carrinhoDeCompra.CarrinhoDeCompraTeste"/>
  <testcase name="deve_poder_adicionar_itens_ao_carrinho" time="0.000" classname="carrinhoDeCompra.CarrinhoDeCompraTeste"/>
  <testcase name="deve_poder_adicionar_itens_ao_carrinho" time="0.002" classname="carrinhoDeCompra.CarrinhoDeCompraTeste"/>
  <testcase name="deve_poder_adicionar_itens_ao_carrinho" time="0.000" classname="carrinhoDeCompra.CarrinhoDeCompraTeste"/>
  <testcase name="deve_poder_adicionar_itens_ao_carrinho" time="0.002" classname="carrinhoDeCompra.CarrinhoDeCompraTeste"/>
  <testcase name="deve_poder_adicionar_itens_ao_carrinho" time="0.000" classname="carrinhoDeCompra.CarrinhoDeCompraTeste"/>
  <testcase name="deve_poder_adicionar_itens_ao_carrinho" time="0.000" classname="carrinhoDeCompra.CarrinhoDeCompraTeste"/>
  <testcase name="deve_poder_adicionar_itens_ao_carrinho" time="0.000" classname="carrinhoDeCompra.CarrinhoDeCompraTeste"/>
  <testcase name="deve_poder_adicionar_itens_ao_carrinho" time="0.001" classname="carrinhoDeCompra.CarrinhoDeCompraTeste"/>
  <testcase name="deve_poder_adicionar_itens_ao_carrinho" time="0.000" classname="carrinhoDeCompra.CarrinhoDeCompraTeste"/>
  <testcase name="deve_poder_adicionar_itens_ao_carrinho" time="0.000" classname="carrinhoDeCompra.CarrinhoDeCompraTeste"/>
  <testcase name="deve_poder_adicionar_itens_ao_carrinho" time="0.000" classname="carrinhoDeCompra.CarrinhoDeCompraTeste"/>
  <testcase name="deve_poder_adicionar_itens_ao_carrinho" time="0.001" classname="carrinhoDeCompra.CarrinhoDeCompraTeste"/>
  <testcase name="deve_poder_adicionar_itens_ao_carrinho" time="0.002" classname="carrinhoDeCompra.CarrinhoDeCompraTeste"/>
  <testcase name="deve_poder_adicionar_itens_ao_carrinho" time="0.000" classname="carrinhoDeCompra.CarrinhoDeCompraTeste"/>
  <testcase name="deve_poder_adicionar_itens_ao_carrinho" time="0.000" classname="carrinhoDeCompra.CarrinhoDeCompraTeste"/>
  <testcase name="deve_poder_adicionar_itens_ao_carrinho" time="0.001" classname="carrinhoDeCompra.CarrinhoDeCompraTeste"/>
  <testcase name="deve_poder_adicionar_itens_ao_carrinho" time="0.007" classname="carrinhoDeCompra.CarrinhoDeCompraTeste"/>
  <testcase name="deve_poder_adicionar_itens_ao_carrinho" time="0.000" classname="carrinhoDeCompra.CarrinhoDeCompraTeste"/>
  <testcase name="deve_poder_adicionar_itens_ao_carrinho" time="0.000" classname="carrinhoDeCompra.CarrinhoDeCompraTeste"/>
  <testcase name="deve_poder_adicionar_itens_ao_carrinho" time="0.000" classname="carrinhoDeCompra.CarrinhoDeCompraTeste"/>
  <testcase name="deve_poder_adicionar_itens_ao_carrinho" time="0.002" classname="carrinhoDeCompra.CarrinhoDeCompraTeste"/>
  <testcase name="deve_poder_adicionar_itens_ao_carrinho" time="0.002" classname="carrinhoDeCompra.CarrinhoDeCompraTeste"/>
  <testcase name="deve_poder_adicionar_itens_ao_carrinho" time="0.000" classname="carrinhoDeCompra.CarrinhoDeCompraTeste"/>
  <testcase name="deve_poder_adicionar_itens_ao_carrinho" time="0.000" classname="carrinhoDeCompra.CarrinhoDeCompraTeste"/>
  <testcase name="deve_poder_adicionar_itens_ao_carrinho" time="0.000" classname="carrinhoDeCompra.CarrinhoDeCompraTeste"/>
  <testcase name="deve_poder_adicionar_itens_ao_carrinho" time="0.000" classname="carrinhoDeCompra.CarrinhoDeCompraTeste"/>
  <testcase name="deve_poder_adicionar_itens_ao_carrinho" time="0.000" classname="carrinhoDeCompra.CarrinhoDeCompraTeste"/>
  <testcase name="deve_poder_adicionar_itens_ao_carrinho" time="0.000" classname="carrinhoDeCompra.CarrinhoDeCompraTeste"/>
  <testcase name="deve_poder_adicionar_itens_ao_carrinho" time="0.000" classname="carrinhoDeCompra.CarrinhoDeCompraTeste"/>
  <testcase name="deve_poder_adicionar_itens_ao_carrinho" time="0.003" classname="carrinhoDeCompra.CarrinhoDeCompraTeste"/>
  <testcase name="deve_poder_adicionar_itens_ao_carrinho" time="0.000" classname="carrinhoDeCompra.CarrinhoDeCompraTeste"/>
  <testcase name="deve_poder_adicionar_itens_ao_carrinho" time="0.000" classname="carrinhoDeCompra.CarrinhoDeCompraTeste"/>
  <testcase name="deve_poder_adicionar_itens_ao_carrinho" time="0.000" classname="carrinhoDeCompra.CarrinhoDeCompraTeste"/>
  <testcase name="deve_poder_adicionar_itens_ao_carrinho" time="0.008" classname="carrinhoDeCompra.CarrinhoDeCompraTeste"/>
  <testcase name="deve_poder_adicionar_itens_ao_carrinho" time="0.000" classname="carrinhoDeCompra.CarrinhoDeCompraTeste"/>
  <testcase name="deve_poder_adicionar_itens_ao_carrinho" time="0.000" classname="carrinhoDeCompra.CarrinhoDeCompraTeste"/>
  <testcase name="deve_poder_adicionar_itens_ao_carrinho" time="0.000" classname="carrinhoDeCompra.CarrinhoDeCompraTeste"/>
  <testcase name="deve_poder_adicionar_itens_ao_carrinho" time="0.000" classname="carrinhoDeCompra.CarrinhoDeCompraTeste"/>
  <testcase name="deve_poder_adicionar_itens_ao_carrinho" time="0.001" classname="carrinhoDeCompra.CarrinhoDeCompraTeste"/>
  <testcase name="deve_poder_adicionar_itens_ao_carrinho" time="0.004" classname="carrinhoDeCompra.CarrinhoDeCompraTeste"/>
  <testcase name="deve_poder_adicionar_itens_ao_carrinho" time="0.000" classname="carrinhoDeCompra.CarrinhoDeCompraTeste"/>
  <testcase name="deve_poder_adicionar_itens_ao_carrinho" time="0.052" classname="carrinhoDeCompra.CarrinhoDeCompraTeste"/>
  <testcase name="deve_poder_adicionar_itens_ao_carrinho" time="0.000" classname="carrinhoDeCompra.CarrinhoDeCompraTeste"/>
  <testcase name="deve_poder_adicionar_itens_ao_carrinho" time="0.021" classname="carrinhoDeCompra.CarrinhoDeCompraTeste"/>
  <testcase name="deve_poder_adicionar_itens_ao_carrinho" time="0.001" classname="carrinhoDeCompra.CarrinhoDeCompraTeste"/>
  <testcase name="deve_poder_adicionar_itens_ao_carrinho" time="0.000" classname="carrinhoDeCompra.CarrinhoDeCompraTeste"/>
  <testcase name="deve_poder_adicionar_itens_ao_carrinho" time="0.001" classname="carrinhoDeCompra.CarrinhoDeCompraTeste"/>
  <testcase name="deve_poder_adicionar_itens_ao_carrinho" time="0.001" classname="carrinhoDeCompra.CarrinhoDeCompraTeste"/>
  <testcase name="deve_poder_adicionar_itens_ao_carrinho" time="0.000" classname="carrinhoDeCompra.CarrinhoDeCompraTeste"/>
  <testcase name="deve_poder_adicionar_itens_ao_carrinho" time="0.000" classname="carrinhoDeCompra.CarrinhoDeCompraTeste"/>
  <testcase name="deve_poder_adicionar_itens_ao_carrinho" time="0.002" classname="carrinhoDeCompra.CarrinhoDeCompraTeste"/>
  <testcase name="deve_poder_adicionar_itens_ao_carrinho" time="0.040" classname="carrinhoDeCompra.CarrinhoDeCompraTeste"/>
  <testcase name="deve_poder_adicionar_itens_ao_carrinho" time="0.001" classname="carrinhoDeCompra.CarrinhoDeCompraTeste"/>
  <testcase name="deve_poder_adicionar_itens_ao_carrinho" time="0.000" classname="carrinhoDeCompra.CarrinhoDeCompraTeste"/>
  <testcase name="deve_poder_adicionar_itens_ao_carrinho" time="0.001" classname="carrinhoDeCompra.CarrinhoDeCompraTeste"/>
  <testcase name="deve_poder_adicionar_itens_ao_carrinho" time="0.001" classname="carrinhoDeCompra.CarrinhoDeCompraTeste"/>
  <testcase name="deve_poder_adicionar_itens_ao_carrinho" time="0.000" classname="carrinhoDeCompra.CarrinhoDeCompraTeste"/>
  <testcase name="deve_poder_adicionar_itens_ao_carrinho" time="0.000" classname="carrinhoDeCompra.CarrinhoDeCompraTeste"/>
  <testcase name="deve_poder_adicionar_itens_ao_carrinho" time="0.001" classname="carrinhoDeCompra.CarrinhoDeCompraTeste"/>
  <testcase name="deve_poder_adicionar_itens_ao_carrinho" time="0.000" classname="carrinhoDeCompra.CarrinhoDeCompraTeste"/>
  <testcase name="deve_poder_adicionar_itens_ao_carrinho" time="0.001" classname="carrinhoDeCompra.CarrinhoDeCompraTeste"/>
  <testcase name="deve_poder_adicionar_itens_ao_carrinho" time="0.001" classname="carrinhoDeCompra.CarrinhoDeCompraTeste"/>
  <testcase name="deve_poder_adicionar_itens_ao_carrinho" time="0.001" classname="carrinhoDeCompra.CarrinhoDeCompraTeste"/>
[...]
  <testcase name="deve_poder_adicionar_itens_ao_carrinho" time="0.000" classname="carrinhoDeCompra.CarrinhoDeCompraTeste"/>
  <testcase name="deve_poder_adicionar_itens_ao_carrinho" time="0.001" classname="carrinhoDeCompra.CarrinhoDeCompraTeste"/>
  <testcase name="deve_poder_adicionar_itens_ao_carrinho" time="0.000" classname="carrinhoDeCompra.CarrinhoDeCompraTeste"/>
  <testcase name="deve_poder_adicionar_itens_ao_carrinho" time="0.001" classname="carrinhoDeCompra.CarrinhoDeCompraTeste"/>
  <testcase name="deve_poder_adicionar_itens_ao_carrinho" time="0.000" classname="carrinhoDeCompra.CarrinhoDeCompraTeste"/>
  <testcase name="deve_poder_adicionar_itens_ao_carrinho" time="0.000" classname="carrinhoDeCompra.CarrinhoDeCompraTeste"/>
  <testcase name="deve_poder_adicionar_itens_ao_carrinho" time="0.001" classname="carrinhoDeCompra.CarrinhoDeCompraTeste"/>
  <testcase name="deve_poder_adicionar_itens_ao_carrinho" time="0.000" classname="carrinhoDeCompra.CarrinhoDeCompraTeste"/>
  <testcase name="deve_poder_adicionar_itens_ao_carrinho" time="0.000" classname="carrinhoDeCompra.CarrinhoDeCompraTeste"/>
  <testcase name="deve_poder_adicionar_itens_ao_carrinho" time="0.001" classname="carrinhoDeCompra.CarrinhoDeCompraTeste"/>
  <testcase name="deve_poder_adicionar_itens_ao_carrinho" time="0.001" classname="carrinhoDeCompra.CarrinhoDeCompraTeste"/>
  <testcase name="deve_poder_adicionar_itens_ao_carrinho" time="0.000" classname="carrinhoDeCompra.CarrinhoDeCompraTeste"/>
  <testcase name="deve_poder_adicionar_itens_ao_carrinho" time="0.001" classname="carrinhoDeCompra.CarrinhoDeCompraTeste"/>
  <testcase name="deve_poder_adicionar_itens_ao_carrinho" time="0.001" classname="carrinhoDeCompra.CarrinhoDeCompraTeste"/>
  <testcase name="deve_poder_adicionar_itens_ao_carrinho" time="0.001" classname="carrinhoDeCompra.CarrinhoDeCompraTeste"/>
  <testcase name="deve_poder_adicionar_itens_ao_carrinho" time="0.002" classname="carrinhoDeCompra.CarrinhoDeCompraTeste"/>
  <testcase name="deve_poder_adicionar_itens_ao_carrinho" time="0.000" classname="carrinhoDeCompra.CarrinhoDeCompraTeste"/>
  <testcase name="deve_poder_adicionar_itens_ao_carrinho" time="0.000" classname="carrinhoDeCompra.CarrinhoDeCompraTeste"/>
  <testcase name="deve_poder_adicionar_itens_ao_carrinho" time="0.000" classname="carrinhoDeCompra.CarrinhoDeCompraTeste"/>
  <testcase name="deve_poder_adicionar_itens_ao_carrinho" time="0.000" classname="carrinhoDeCompra.CarrinhoDeCompraTeste"/>
  <testcase name="deve_poder_adicionar_itens_ao_carrinho" time="0.000" classname="carrinhoDeCompra.CarrinhoDeCompraTeste"/>
  <testcase name="deve_poder_adicionar_itens_ao_carrinho" time="0.000" classname="carrinhoDeCompra.CarrinhoDeCompraTeste"/>
  <testcase name="deve_poder_adicionar_itens_ao_carrinho" time="0.001" classname="carrinhoDeCompra.CarrinhoDeCompraTeste"/>
  <testcase name="deve_poder_adicionar_itens_ao_carrinho" time="0.000" classname="carrinhoDeCompra.CarrinhoDeCompraTeste"/>
  <testcase name="deve_poder_adicionar_itens_ao_carrinho" time="0.001" classname="carrinhoDeCompra.CarrinhoDeCompraTeste"/>
  <testcase name="deve_poder_adicionar_itens_ao_carrinho" time="0.003" classname="carrinhoDeCompra.CarrinhoDeCompraTeste"/>
  <testcase name="deve_poder_adicionar_itens_ao_carrinho" time="0.001" classname="carrinhoDeCompra.CarrinhoDeCompraTeste"/>
  <testcase name="deve_poder_adicionar_itens_ao_carrinho" time="0.019" classname="carrinhoDeCompra.CarrinhoDeCompraTeste"/>
  <testcase name="deve_poder_adicionar_itens_ao_carrinho" time="0.001" classname="carrinhoDeCompra.CarrinhoDeCompraTeste"/>
  <testcase name="deve_poder_adicionar_itens_ao_carrinho" time="0.001" classname="carrinhoDeCompra.CarrinhoDeCompraTeste"/>
  <testcase name="deve_poder_adicionar_itens_ao_carrinho" time="0.003" classname="carrinhoDeCompra.CarrinhoDeCompraTeste"/>
  <testcase name="deve_poder_adicionar_itens_ao_carrinho" time="0.001" classname="carrinhoDeCompra.CarrinhoDeCompraTeste"/>
  <testcase name="deve_poder_adicionar_itens_ao_carrinho" time="0.000" classname="carrinhoDeCompra.CarrinhoDeCompraTeste"/>
  <testcase name="deve_poder_adicionar_itens_ao_carrinho" time="0.002" classname="carrinhoDeCompra.CarrinhoDeCompraTeste"/>
  <testcase name="deve_poder_adicionar_itens_ao_carrinho" time="0.000" classname="carrinhoDeCompra.CarrinhoDeCompraTeste"/>
  <testcase name="deve_poder_adicionar_itens_ao_carrinho" time="0.001" classname="carrinhoDeCompra.CarrinhoDeCompraTeste"/>
  <testcase name="deve_poder_adicionar_itens_ao_carrinho" time="0.000" classname="carrinhoDeCompra.CarrinhoDeCompraTeste"/>
  <testcase name="deve_poder_adicionar_itens_ao_carrinho" time="0.000" classname="carrinhoDeCompra.CarrinhoDeCompraTeste"/>
  <testcase name="deve_poder_adicionar_itens_ao_carrinho" time="0.001" classname="carrinhoDeCompra.CarrinhoDeCompraTeste"/>
  <testcase name="deve_poder_adicionar_itens_ao_carrinho" time="0.000" classname="carrinhoDeCompra.CarrinhoDeCompraTeste"/>
  <testcase name="deve_poder_adicionar_itens_ao_carrinho" time="0.001" classname="carrinhoDeCompra.CarrinhoDeCompraTeste"/>
  <testcase name="deve_poder_adicionar_itens_ao_carrinho" time="0.003" classname="carrinhoDeCompra.CarrinhoDeCompraTeste"/>
  <testcase name="deve_poder_adicionar_itens_ao_carrinho" time="0.001" classname="carrinhoDeCompra.CarrinhoDeCompraTeste"/>
  <testcase name="deve_poder_adicionar_itens_ao_carrinho" time="0.000" classname="carrinhoDeCompra.CarrinhoDeCompraTeste"/>
  <testcase name="deve_poder_adicionar_itens_ao_carrinho" time="0.000" classname="carrinhoDeCompra.CarrinhoDeCompraTeste"/>
  <testcase name="deve_poder_adicionar_itens_ao_carrinho" time="0.012" classname="carrinhoDeCompra.CarrinhoDeCompraTeste"/>
  <testcase name="deve_poder_adicionar_itens_ao_carrinho" time="0.000" classname="carrinhoDeCompra.CarrinhoDeCompraTeste"/>
  <testcase name="deve_poder_adicionar_itens_ao_carrinho" time="0.000" classname="carrinhoDeCompra.CarrinhoDeCompraTeste"/>
  <testcase name="deve_poder_adicionar_itens_ao_carrinho" time="0.000" classname="carrinhoDeCompra.CarrinhoDeCompraTeste"/>
  <testcase name="deve_poder_adicionar_itens_ao_carrinho" time="0.000" classname="carrinhoDeCompra.CarrinhoDeCompraTeste"/>
  <testcase name="deve_poder_adicionar_itens_ao_carrinho" time="0.008" classname="carrinhoDeCompra.CarrinhoDeCompraTeste"/>
  <testcase name="deve_poder_adicionar_itens_ao_carrinho" time="0.000" classname="carrinhoDeCompra.CarrinhoDeCompraTeste"/>
  <testcase name="deve_poder_adicionar_itens_ao_carrinho" time="0.001" classname="carrinhoDeCompra.CarrinhoDeCompraTeste"/>
  <testcase name="deve_poder_adicionar_itens_ao_carrinho" time="0.001" classname="carrinhoDeCompra.CarrinhoDeCompraTeste"/>
  <testcase name="deve_poder_adicionar_itens_ao_carrinho" time="0.004" classname="carrinhoDeCompra.CarrinhoDeCompraTeste"/>
  <testcase name="deve_poder_adicionar_itens_ao_carrinho" time="0.001" classname="carrinhoDeCompra.CarrinhoDeCompraTeste"/>
  <testcase name="deve_poder_adicionar_itens_ao_carrinho" time="0.001" classname="carrinhoDeCompra.CarrinhoDeCompraTeste"/>
  <testcase name="deve_poder_adicionar_itens_ao_carrinho" time="0.000" classname="carrinhoDeCompra.CarrinhoDeCompraTeste"/>
  <testcase name="deve_poder_adicionar_itens_ao_carrinho" time="0.000" classname="carrinhoDeCompra.CarrinhoDeCompraTeste"/>
  <testcase name="deve_poder_adicionar_itens_ao_carrinho" time="0.000" classname="carrinhoDeCompra.CarrinhoDeCompraTeste"/>
  <testcase name="deve_poder_adicionar_itens_ao_carrinho" time="0.001" classname="carrinhoDeCompra.CarrinhoDeCompraTeste"/>
  <testcase name="deve_poder_adicionar_itens_ao_carrinho" time="0.000" classname="carrinhoDeCompra.CarrinhoDeCompraTeste"/>
  <testcase name="deve_poder_adicionar_itens_ao_carrinho" time="0.001" classname="carrinhoDeCompra.CarrinhoDeCompraTeste"/>
  <testcase name="deve_poder_adicionar_itens_ao_carrinho" time="0.000" classname="carrinhoDeCompra.CarrinhoDeCompraTeste"/>
  <testcase name="deve_poder_adicionar_itens_ao_carrinho" time="0.000" classname="carrinhoDeCompra.CarrinhoDeCompraTeste"/>
  <testcase name="deve_poder_adicionar_itens_ao_carrinho" time="0.001" classname="carrinhoDeCompra.CarrinhoDeCompraTeste"/>
  <testcase name="deve_poder_adicionar_itens_ao_carrinho" time="0.004" classname="carrinhoDeCompra.CarrinhoDeCompraTeste"/>
  <testcase name="deve_poder_adicionar_itens_ao_carrinho" time="0.000" classname="carrinhoDeCompra.CarrinhoDeCompraTeste"/>
  <testcase name="deve_poder_adicionar_itens_ao_carrinho" time="0.000" classname="carrinhoDeCompra.CarrinhoDeCompraTeste"/>
  <testcase name="deve_poder_adicionar_itens_ao_carrinho" time="0.001" classname="carrinhoDeCompra.CarrinhoDeCompraTeste"/>
  <testcase name="deve_poder_adicionar_itens_ao_carrinho" time="0.001" classname="carrinhoDeCompra.CarrinhoDeCompraTeste"/>
  <testcase name="deve_poder_adicionar_itens_ao_carrinho" time="0.001" classname="carrinhoDeCompra.CarrinhoDeCompraTeste"/>
  <testcase name="deve_poder_adicionar_itens_ao_carrinho" time="0.008" classname="carrinhoDeCompra.CarrinhoDeCompraTeste"/>
  <testcase name="deve_poder_adicionar_itens_ao_carrinho" time="0.000" classname="carrinhoDeCompra.CarrinhoDeCompraTeste"/>
  <testcase name="deve_poder_adicionar_itens_ao_carrinho" time="0.000" classname="carrinhoDeCompra.CarrinhoDeCompraTeste"/>
  <testcase name="deve_poder_adicionar_itens_ao_carrinho" time="0.004" classname="carrinhoDeCompra.CarrinhoDeCompraTeste"/>
  <testcase name="deve_poder_adicionar_itens_ao_carrinho" time="0.000" classname="carrinhoDeCompra.CarrinhoDeCompraTeste"/>
  <testcase name="deve_poder_remover_itens_do_carrinho" time="0.004" classname="carrinhoDeCompra.CarrinhoDeCompraTeste"/>
  <testcase name="deve_poder_adicionar_itens_ao_carrinho" time="0.001" classname="carrinhoDeCompra.CarrinhoDeCompraTeste"/>
  <testcase name="deve_poder_adicionar_itens_ao_carrinho" time="0.001" classname="carrinhoDeCompra.CarrinhoDeCompraTeste"/>
  <testcase name="deve_poder_adicionar_itens_ao_carrinho" time="0.000" classname="carrinhoDeCompra.CarrinhoDeCompraTeste"/>
  <testcase name="deve_poder_adicionar_itens_ao_carrinho" time="0.000" classname="carrinhoDeCompra.CarrinhoDeCompraTeste"/>
  <testcase name="deve_poder_adicionar_itens_ao_carrinho" time="0.001" classname="carrinhoDeCompra.CarrinhoDeCompraTeste"/>
  <testcase name="deve_poder_adicionar_itens_ao_carrinho" time="0.001" classname="carrinhoDeCompra.CarrinhoDeCompraTeste"/>
  <testcase name="deve_poder_adicionar_itens_ao_carrinho" time="0.001" classname="carrinhoDeCompra.CarrinhoDeCompraTeste"/>
  <testcase name="deve_poder_adicionar_itens_ao_carrinho" time="0.000" classname="carrinhoDeCompra.CarrinhoDeCompraTeste"/>
  <testcase name="deve_poder_adicionar_itens_ao_carrinho" time="0.000" classname="carrinhoDeCompra.CarrinhoDeCompraTeste"/>
  <testcase name="deve_poder_adicionar_itens_ao_carrinho" time="0.000" classname="carrinhoDeCompra.CarrinhoDeCompraTeste"/>
  <testcase name="deve_poder_adicionar_itens_ao_carrinho" time="0.000" classname="carrinhoDeCompra.CarrinhoDeCompraTeste"/>
  <testcase name="deve_poder_adicionar_itens_ao_carrinho" time="0.000" classname="carrinhoDeCompra.CarrinhoDeCompraTeste"/>
  <testcase name="deve_poder_adicionar_itens_ao_carrinho" time="0.001" classname="carrinhoDeCompra.CarrinhoDeCompraTeste"/>
  <testcase name="deve_poder_adicionar_itens_ao_carrinho" time="0.003" classname="carrinhoDeCompra.CarrinhoDeCompraTeste"/>
  <testcase name="deve_poder_adicionar_itens_ao_carrinho" time="0.000" classname="carrinhoDeCompra.CarrinhoDeCompraTeste"/>
  <testcase name="deve_poder_adicionar_itens_ao_carrinho" time="0.001" classname="carrinhoDeCompra.CarrinhoDeCompraTeste"/>
  <testcase name="deve_poder_adicionar_itens_ao_carrinho" time="0.000" classname="carrinhoDeCompra.CarrinhoDeCompraTeste"/>
  <testcase name="deve_poder_adicionar_itens_ao_carrinho" time="0.001" classname="carrinhoDeCompra.CarrinhoDeCompraTeste"/>
  <testcase name="deve_poder_adicionar_itens_ao_carrinho" time="0.001" classname="carrinhoDeCompra.CarrinhoDeCompraTeste"/>
  <testcase name="deve_poder_adicionar_itens_ao_carrinho" time="0.000" classname="carrinhoDeCompra.CarrinhoDeCompraTeste"/>
  <testcase name="deve_poder_adicionar_itens_ao_carrinho" time="0.001" classname="carrinhoDeCompra.CarrinhoDeCompraTeste"/>
  <testcase name="deve_poder_adicionar_itens_ao_carrinho" time="0.001" classname="carrinhoDeCompra.CarrinhoDeCompraTeste"/>
  <testcase name="deve_poder_adicionar_itens_ao_carrinho" time="0.000" classname="carrinhoDeCompra.CarrinhoDeCompraTeste"/>
  <testcase name="deve_poder_adicionar_itens_ao_carrinho" time="0.000" classname="carrinhoDeCompra.CarrinhoDeCompraTeste"/>
  <testcase name="deve_poder_adicionar_itens_ao_carrinho" time="0.000" classname="carrinhoDeCompra.CarrinhoDeCompraTeste"/>
  <testcase name="deve_poder_adicionar_itens_ao_carrinho" time="0.000" classname="carrinhoDeCompra.CarrinhoDeCompraTeste"/>
  <testcase name="deve_poder_adicionar_itens_ao_carrinho" time="0.000" classname="carrinhoDeCompra.CarrinhoDeCompraTeste"/>
  <testcase name="deve_poder_adicionar_itens_ao_carrinho" time="0.001" classname="carrinhoDeCompra.CarrinhoDeCompraTeste"/>
  <testcase name="deve_poder_adicionar_itens_ao_carrinho" time="0.001" classname="carrinhoDeCompra.CarrinhoDeCompraTeste"/>
  <testcase name="deve_poder_adicionar_itens_ao_carrinho" time="0.022" classname="carrinhoDeCompra.CarrinhoDeCompraTeste"/>
  <testcase name="deve_poder_adicionar_itens_ao_carrinho" time="0.001" classname="carrinhoDeCompra.CarrinhoDeCompraTeste"/>
  <testcase name="deve_poder_adicionar_itens_ao_carrinho" time="0.001" classname="carrinhoDeCompra.CarrinhoDeCompraTeste"/>
  <testcase name="deve_poder_adicionar_itens_ao_carrinho" time="0.000" classname="carrinhoDeCompra.CarrinhoDeCompraTeste"/>
  <testcase name="deve_poder_adicionar_itens_ao_carrinho" time="0.001" classname="carrinhoDeCompra.CarrinhoDeCompraTeste"/>
  <testcase name="deve_poder_adicionar_itens_ao_carrinho" time="0.002" classname="carrinhoDeCompra.CarrinhoDeCompraTeste"/>
  <testcase name="deve_poder_adicionar_itens_ao_carrinho" time="0.001" classname="carrinhoDeCompra.CarrinhoDeCompraTeste"/>
  <testcase name="deve_poder_adicionar_itens_ao_carrinho" time="0.000" classname="carrinhoDeCompra.CarrinhoDeCompraTeste"/>
  <testcase name="deve_poder_adicionar_itens_ao_carrinho" time="0.000" classname="carrinhoDeCompra.CarrinhoDeCompraTeste"/>
  <testcase name="deve_poder_adicionar_itens_ao_carrinho" time="0.001" classname="carrinhoDeCompra.CarrinhoDeCompraTeste"/>
  <testcase name="deve_poder_adicionar_itens_ao_carrinho" time="0.000" classname="carrinhoDeCompra.CarrinhoDeCompraTeste"/>
  <testcase name="deve_poder_adicionar_itens_ao_carrinho" time="0.001" classname="carrinhoDeCompra.CarrinhoDeCompraTeste"/>
  <testcase name="deve_poder_adicionar_itens_ao_carrinho" time="0.000" classname="carrinhoDeCompra.CarrinhoDeCompraTeste"/>
  <testcase name="deve_poder_adicionar_itens_ao_carrinho" time="0.001" classname="carrinhoDeCompra.CarrinhoDeCompraTeste"/>
  <testcase name="deve_poder_adicionar_itens_ao_carrinho" time="0.002" classname="carrinhoDeCompra.CarrinhoDeCompraTeste"/>
  <testcase name="deve_poder_adicionar_itens_ao_carrinho" time="0.000" classname="carrinhoDeCompra.CarrinhoDeCompraTeste"/>
  <testcase name="deve_poder_adicionar_itens_ao_carrinho" time="0.001" classname="carrinhoDeCompra.CarrinhoDeCompraTeste"/>
  <testcase name="deve_poder_adicionar_itens_ao_carrinho" time="0.000" classname="carrinhoDeCompra.CarrinhoDeCompraTeste"/>
  <testcase name="deve_poder_adicionar_itens_ao_carrinho" time="0.001" classname="carrinhoDeCompra.CarrinhoDeCompraTeste"/>
  <testcase name="deve_poder_adicionar_itens_ao_carrinho" time="0.001" classname="carrinhoDeCompra.CarrinhoDeCompraTeste"/>
  <testcase name="deve_poder_adicionar_itens_ao_carrinho" time="0.001" classname="carrinhoDeCompra.CarrinhoDeCompraTeste"/>
  <testcase name="deve_poder_adicionar_itens_ao_carrinho" time="0.000" classname="carrinhoDeCompra.CarrinhoDeCompraTeste"/>
  <testcase name="deve_poder_adicionar_itens_ao_carrinho" time="0.001" classname="carrinhoDeCompra.CarrinhoDeCompraTeste"/>
  <testcase name="deve_poder_adicionar_itens_ao_carrinho" time="0.001" classname="carrinhoDeCompra.CarrinhoDeCompraTeste"/>
  <testcase name="deve_poder_adicionar_itens_ao_carrinho" time="0.000" classname="carrinhoDeCompra.CarrinhoDeCompraTeste"/>
  <testcase name="deve_poder_adicionar_itens_ao_carrinho" time="0.000" classname="carrinhoDeCompra.CarrinhoDeCompraTeste"/>
  <testcase name="deve_poder_adicionar_itens_ao_carrinho" time="0.001" classname="carrinhoDeCompra.CarrinhoDeCompraTeste"/>
  <testcase name="deve_poder_adicionar_itens_ao_carrinho" time="0.000" classname="carrinhoDeCompra.CarrinhoDeCompraTeste"/>
  <testcase name="deve_poder_adicionar_itens_ao_carrinho" time="0.000" classname="carrinhoDeCompra.CarrinhoDeCompraTeste"/>
  <testcase name="deve_poder_adicionar_itens_ao_carrinho" time="0.000" classname="carrinhoDeCompra.CarrinhoDeCompraTeste"/>
  <testcase name="deve_poder_adicionar_itens_ao_carrinho" time="0.001" classname="carrinhoDeCompra.CarrinhoDeCompraTeste"/>
  <testcase name="deve_poder_adicionar_itens_ao_carrinho" time="0.000" classname="carrinhoDeCompra.CarrinhoDeCompraTeste"/>
  <testcase name="deve_poder_adicionar_itens_ao_carrinho" time="0.001" classname="carrinhoDeCompra.CarrinhoDeCompraTeste"/>
  <testcase name="deve_poder_adicionar_itens_ao_carrinho" time="0.000" classname="carrinhoDeCompra.CarrinhoDeCompraTeste"/>
  <testcase name="deve_poder_adicionar_itens_ao_carrinho" time="0.001" classname="carrinhoDeCompra.CarrinhoDeCompraTeste"/>
  <testcase name="deve_poder_adicionar_itens_ao_carrinho" time="0.000" classname="carrinhoDeCompra.CarrinhoDeCompraTeste"/>
  <testcase name="deve_poder_adicionar_itens_ao_carrinho" time="0.001" classname="carrinhoDeCompra.CarrinhoDeCompraTeste"/>
  <testcase name="deve_poder_adicionar_itens_ao_carrinho" time="0.000" classname="carrinhoDeCompra.CarrinhoDeCompraTeste"/>
  <testcase name="deve_poder_adicionar_itens_ao_carrinho" time="0.001" classname="carrinhoDeCompra.CarrinhoDeCompraTeste"/>
  <testcase name="deve_poder_adicionar_itens_ao_carrinho" time="0.010" classname="carrinhoDeCompra.CarrinhoDeCompraTeste"/>
  <testcase name="deve_poder_adicionar_itens_ao_carrinho" time="0.000" classname="carrinhoDeCompra.CarrinhoDeCompraTeste"/>
  <testcase name="deve_poder_adicionar_itens_ao_carrinho" time="0.001" classname="carrinhoDeCompra.CarrinhoDeCompraTeste"/>
  <testcase name="deve_poder_adicionar_itens_ao_carrinho" time="0.001" classname="carrinhoDeCompra.CarrinhoDeCompraTeste"/>
  <testcase name="deve_poder_adicionar_itens_ao_carrinho" time="0.001" classname="carrinhoDeCompra.CarrinhoDeCompraTeste"/>
  <testcase name="deve_poder_adicionar_itens_ao_carrinho" time="0.003" classname="carrinhoDeCompra.CarrinhoDeCompraTeste"/>
  <testcase name="deve_poder_adicionar_itens_ao_carrinho" time="0.000" classname="carrinhoDeCompra.CarrinhoDeCompraTeste"/>
  <testcase name="deve_poder_adicionar_itens_ao_carrinho" time="0.001" classname="carrinhoDeCompra.CarrinhoDeCompraTeste"/>
  <testcase name="deve_poder_adicionar_itens_ao_carrinho" time="0.001" classname="carrinhoDeCompra.CarrinhoDeCompraTeste"/>
  <testcase name="deve_poder_adicionar_itens_ao_carrinho" time="0.002" classname="carrinhoDeCompra.CarrinhoDeCompraTeste"/>
  <testcase name="deve_poder_adicionar_itens_ao_carrinho" time="0.000" classname="carrinhoDeCompra.CarrinhoDeCompraTeste"/>
  <testcase name="deve_poder_adicionar_itens_ao_carrinho" time="0.001" classname="carrinhoDeCompra.CarrinhoDeCompraTeste"/>
  <testcase name="deve_poder_adicionar_itens_ao_carrinho" time="0.000" classname="carrinhoDeCompra.CarrinhoDeCompraTeste"/>
  <testcase name="deve_poder_adicionar_itens_ao_carrinho" time="0.000" classname="carrinhoDeCompra.CarrinhoDeCompraTeste"/>
</testsuite> <!-- carrinhoDeCompra.CarrinhoDeCompraTeste -->
